0 info it worked if it ends with ok
1 verbose cli [
1 verbose cli   '/Users/heweihan/.nvm/versions/node/v14.17.0/bin/node',
1 verbose cli   '/Users/heweihan/.nvm/versions/node/v14.17.0/bin/npm',
1 verbose cli   'run',
1 verbose cli   'start'
1 verbose cli ]
2 info using npm@6.14.13
3 info using node@v14.17.0
4 verbose stack Error: missing script: start
4 verbose stack     at run (/Users/heweihan/.nvm/versions/node/v14.17.0/lib/node_modules/npm/lib/run-script.js:155:19)
4 verbose stack     at /Users/heweihan/.nvm/versions/node/v14.17.0/lib/node_modules/npm/lib/run-script.js:63:5
4 verbose stack     at /Users/heweihan/.nvm/versions/node/v14.17.0/lib/node_modules/npm/node_modules/read-package-json/read-json.js:116:5
4 verbose stack     at /Users/heweihan/.nvm/versions/node/v14.17.0/lib/node_modules/npm/node_modules/read-package-json/read-json.js:436:5
4 verbose stack     at checkBinReferences_ (/Users/heweihan/.nvm/versions/node/v14.17.0/lib/node_modules/npm/node_modules/read-package-json/read-json.js:391:45)
4 verbose stack     at final (/Users/heweihan/.nvm/versions/node/v14.17.0/lib/node_modules/npm/node_modules/read-package-json/read-json.js:434:3)
4 verbose stack     at then (/Users/heweihan/.nvm/versions/node/v14.17.0/lib/node_modules/npm/node_modules/read-package-json/read-json.js:161:5)
4 verbose stack     at ReadFileContext.<anonymous> (/Users/heweihan/.nvm/versions/node/v14.17.0/lib/node_modules/npm/node_modules/read-package-json/read-json.js:350:20)
4 verbose stack     at ReadFileContext.callback (/Users/heweihan/.nvm/versions/node/v14.17.0/lib/node_modules/npm/node_modules/graceful-fs/graceful-fs.js:123:16)
4 verbose stack     at FSReqCallback.readFileAfterOpen [as oncomplete] (fs.js:282:13)
5 verbose cwd /Users/heweihan/Documents/shopping-website/frontend
6 verbose Darwin 21.3.0
7 verbose argv "/Users/heweihan/.nvm/versions/node/v14.17.0/bin/node" "/Users/heweihan/.nvm/versions/node/v14.17.0/bin/npm" "run" "start"
8 verbose node v14.17.0
9 verbose npm  v6.14.13
10 error missing script: start
11 verbose exit [ 1, true ]
