0 info it worked if it ends with ok
1 verbose cli [
1 verbose cli   '/Users/heweihan/.nvm/versions/node/v14.17.0/bin/node',
1 verbose cli   '/Users/heweihan/.nvm/versions/node/v14.17.0/bin/npm',
1 verbose cli   'run',
1 verbose cli   'start'
1 verbose cli ]
2 info using npm@6.14.13
3 info using node@v14.17.0
4 verbose run-script [ 'prestart', 'start', 'poststart' ]
5 info lifecycle multikart-next@1.0.0~prestart: multikart-next@1.0.0
6 info lifecycle multikart-next@1.0.0~start: multikart-next@1.0.0
7 verbose lifecycle multikart-next@1.0.0~start: unsafe-perm in lifecycle true
8 verbose lifecycle multikart-next@1.0.0~start: PATH: /Users/heweihan/.nvm/versions/node/v14.17.0/lib/node_modules/npm/node_modules/npm-lifecycle/node-gyp-bin:/Users/heweihan/Downloads/themeforest-KsQbYrom-multikart-responsive-react-ecommerce-template/frontend/node_modules/.bin:/Users/heweihan/.nvm/versions/node/v14.17.0/bin:/usr/local/bin:/usr/bin:/bin:/usr/sbin:/sbin:/Library/Apple/usr/bin:/Users/heweihan/.nvm/versions/node/v14.17.0/bin
9 verbose lifecycle multikart-next@1.0.0~start: CWD: /Users/heweihan/Downloads/themeforest-KsQbYrom-multikart-responsive-react-ecommerce-template/frontend
10 silly lifecycle multikart-next@1.0.0~start: Args: [ '-c', 'react-scripts start' ]
11 silly lifecycle multikart-next@1.0.0~start: Returned: code: 1  signal: null
12 info lifecycle multikart-next@1.0.0~start: Failed to exec start script
13 verbose stack Error: multikart-next@1.0.0 start: `react-scripts start`
13 verbose stack Exit status 1
13 verbose stack     at EventEmitter.<anonymous> (/Users/heweihan/.nvm/versions/node/v14.17.0/lib/node_modules/npm/node_modules/npm-lifecycle/index.js:332:16)
13 verbose stack     at EventEmitter.emit (events.js:376:20)
13 verbose stack     at ChildProcess.<anonymous> (/Users/heweihan/.nvm/versions/node/v14.17.0/lib/node_modules/npm/node_modules/npm-lifecycle/lib/spawn.js:55:14)
13 verbose stack     at ChildProcess.emit (events.js:376:20)
13 verbose stack     at maybeClose (internal/child_process.js:1055:16)
13 verbose stack     at Process.ChildProcess._handle.onexit (internal/child_process.js:288:5)
14 verbose pkgid multikart-next@1.0.0
15 verbose cwd /Users/heweihan/Downloads/themeforest-KsQbYrom-multikart-responsive-react-ecommerce-template/frontend
16 verbose Darwin 21.3.0
17 verbose argv "/Users/heweihan/.nvm/versions/node/v14.17.0/bin/node" "/Users/heweihan/.nvm/versions/node/v14.17.0/bin/npm" "run" "start"
18 verbose node v14.17.0
19 verbose npm  v6.14.13
20 error code ELIFECYCLE
21 error errno 1
22 error multikart-next@1.0.0 start: `react-scripts start`
22 error Exit status 1
23 error Failed at the multikart-next@1.0.0 start script.
23 error This is probably not a problem with npm. There is likely additional logging output above.
24 verbose exit [ 1, true ]
