0 info it worked if it ends with ok
1 verbose cli [
1 verbose cli   '/usr/local/bin/node',
1 verbose cli   '/usr/local/bin/npm',
1 verbose cli   'install',
1 verbose cli   'react-intl',
1 verbose cli   '-d'
1 verbose cli ]
2 info using npm@6.14.13
3 info using node@v14.17.0
4 verbose npm-session 8b1224ca7c74c84e
5 silly install loadCurrentTree
6 silly install readLocalPackageData
7 http fetch GET 200 https://registry.npmjs.org/react-intl 12ms (from cache)
8 silly pacote tag manifest for react-intl@latest fetched in 24ms
9 timing stage:loadCurrentTree Completed in 1509ms
10 silly install loadIdealTree
11 silly install cloneCurrentTreeToIdealTree
12 timing stage:loadIdealTree:cloneCurrentTree Completed in 21ms
13 silly install loadShrinkwrap
14 timing stage:loadIdealTree:loadShrinkwrap Completed in 942ms
15 silly install loadAllDepsIntoIdealTree
16 timing stage:rollbackFailedOptional Completed in 0ms
17 timing stage:runTopLevelLifecycles Completed in 2476ms
18 silly saveTree react-intl@0.1.0
18 silly saveTree ├─┬ @testing-library/jest-dom@5.16.5
18 silly saveTree │ ├── @adobe/css-tools@4.0.1
18 silly saveTree │ ├─┬ @babel/runtime@7.20.1
18 silly saveTree │ │ └── regenerator-runtime@0.13.11
18 silly saveTree │ ├─┬ @types/testing-library__jest-dom@5.14.5
18 silly saveTree │ │ └─┬ @types/jest@29.2.3
18 silly saveTree │ │   ├─┬ expect@29.3.1
18 silly saveTree │ │   │ ├─┬ @jest/expect-utils@29.3.1
18 silly saveTree │ │   │ │ └── jest-get-type@29.2.0
18 silly saveTree │ │   │ ├── jest-get-type@29.2.0
18 silly saveTree │ │   │ ├─┬ jest-matcher-utils@29.3.1
18 silly saveTree │ │   │ │ ├─┬ chalk@4.1.2
18 silly saveTree │ │   │ │ │ ├─┬ ansi-styles@4.3.0
18 silly saveTree │ │   │ │ │ │ └─┬ color-convert@2.0.1
18 silly saveTree │ │   │ │ │ │   └── color-name@1.1.4
18 silly saveTree │ │   │ │ │ └─┬ supports-color@7.2.0
18 silly saveTree │ │   │ │ │   └── has-flag@4.0.0
18 silly saveTree │ │   │ │ ├─┬ jest-diff@29.3.1
18 silly saveTree │ │   │ │ │ ├── diff-sequences@29.3.1
18 silly saveTree │ │   │ │ │ └─┬ pretty-format@29.3.1
18 silly saveTree │ │   │ │ │   ├─┬ @jest/schemas@29.0.0
18 silly saveTree │ │   │ │ │   │ └── @sinclair/typebox@0.24.51
18 silly saveTree │ │   │ │ │   ├── ansi-styles@5.2.0
18 silly saveTree │ │   │ │ │   └── react-is@18.2.0
18 silly saveTree │ │   │ │ └── pretty-format@29.3.1
18 silly saveTree │ │   │ ├─┬ jest-message-util@29.3.1
18 silly saveTree │ │   │ │ ├─┬ @babel/code-frame@7.18.6
18 silly saveTree │ │   │ │ │ └─┬ @babel/highlight@7.18.6
18 silly saveTree │ │   │ │ │   ├── @babel/helper-validator-identifier@7.19.1
18 silly saveTree │ │   │ │ │   ├─┬ chalk@2.4.2
18 silly saveTree │ │   │ │ │   │ ├─┬ ansi-styles@3.2.1
18 silly saveTree │ │   │ │ │   │ │ └─┬ color-convert@1.9.3
18 silly saveTree │ │   │ │ │   │ │   └── color-name@1.1.3
18 silly saveTree │ │   │ │ │   │ ├── escape-string-regexp@1.0.5
18 silly saveTree │ │   │ │ │   │ └─┬ supports-color@5.5.0
18 silly saveTree │ │   │ │ │   │   └── has-flag@3.0.0
18 silly saveTree │ │   │ │ │   └── js-tokens@4.0.0
18 silly saveTree │ │   │ │ ├─┬ @jest/types@29.3.1
18 silly saveTree │ │   │ │ │ ├── @types/istanbul-lib-coverage@2.0.4
18 silly saveTree │ │   │ │ │ ├─┬ @types/istanbul-reports@3.0.1
18 silly saveTree │ │   │ │ │ │ └── @types/istanbul-lib-report@3.0.0
18 silly saveTree │ │   │ │ │ ├── @types/node@18.11.9
18 silly saveTree │ │   │ │ │ └─┬ @types/yargs@17.0.13
18 silly saveTree │ │   │ │ │   └── @types/yargs-parser@21.0.0
18 silly saveTree │ │   │ │ ├── @types/stack-utils@2.0.1
18 silly saveTree │ │   │ │ ├── graceful-fs@4.2.10
18 silly saveTree │ │   │ │ ├─┬ micromatch@4.0.5
18 silly saveTree │ │   │ │ │ ├─┬ braces@3.0.2
18 silly saveTree │ │   │ │ │ │ └─┬ fill-range@7.0.1
18 silly saveTree │ │   │ │ │ │   └─┬ to-regex-range@5.0.1
18 silly saveTree │ │   │ │ │ │     └── is-number@7.0.0
18 silly saveTree │ │   │ │ │ └── picomatch@2.3.1
18 silly saveTree │ │   │ │ ├── slash@3.0.0
18 silly saveTree │ │   │ │ └─┬ stack-utils@2.0.6
18 silly saveTree │ │   │ │   └── escape-string-regexp@2.0.0
18 silly saveTree │ │   │ └─┬ jest-util@29.3.1
18 silly saveTree │ │   │   └── ci-info@3.6.1
18 silly saveTree │ │   └── pretty-format@29.3.1
18 silly saveTree │ ├─┬ aria-query@5.1.3
18 silly saveTree │ │ └─┬ deep-equal@2.1.0
18 silly saveTree │ │   ├─┬ call-bind@1.0.2
18 silly saveTree │ │   │ ├── function-bind@1.1.1
18 silly saveTree │ │   │ └─┬ get-intrinsic@1.1.3
18 silly saveTree │ │   │   ├── has-symbols@1.0.3
18 silly saveTree │ │   │   └── has@1.0.3
18 silly saveTree │ │   ├─┬ es-get-iterator@1.1.2
18 silly saveTree │ │   │ ├─┬ is-arguments@1.1.1
18 silly saveTree │ │   │ │ └── has-tostringtag@1.0.0
18 silly saveTree │ │   │ ├── is-map@2.0.2
18 silly saveTree │ │   │ ├── is-set@2.0.2
18 silly saveTree │ │   │ ├── is-string@1.0.7
18 silly saveTree │ │   │ └── isarray@2.0.5
18 silly saveTree │ │   ├── get-intrinsic@1.1.3
18 silly saveTree │ │   ├── is-arguments@1.1.1
18 silly saveTree │ │   ├── is-date-object@1.0.5
18 silly saveTree │ │   ├── is-regex@1.1.4
18 silly saveTree │ │   ├── isarray@2.0.5
18 silly saveTree │ │   ├─┬ object-is@1.1.5
18 silly saveTree │ │   │ └─┬ define-properties@1.1.4
18 silly saveTree │ │   │   ├── has-property-descriptors@1.0.0
18 silly saveTree │ │   │   └── object-keys@1.1.1
18 silly saveTree │ │   ├── object-keys@1.1.1
18 silly saveTree │ │   ├── object.assign@4.1.4
18 silly saveTree │ │   ├─┬ regexp.prototype.flags@1.4.3
18 silly saveTree │ │   │ └── functions-have-names@1.2.3
18 silly saveTree │ │   ├─┬ side-channel@1.0.4
18 silly saveTree │ │   │ └── object-inspect@1.12.2
18 silly saveTree │ │   ├─┬ which-boxed-primitive@1.0.2
18 silly saveTree │ │   │ ├─┬ is-bigint@1.0.4
18 silly saveTree │ │   │ │ └── has-bigints@1.0.2
18 silly saveTree │ │   │ ├── is-boolean-object@1.1.2
18 silly saveTree │ │   │ ├── is-number-object@1.0.7
18 silly saveTree │ │   │ └── is-symbol@1.0.4
18 silly saveTree │ │   ├─┬ which-collection@1.0.1
18 silly saveTree │ │   │ ├── is-weakmap@2.0.1
18 silly saveTree │ │   │ └── is-weakset@2.0.2
18 silly saveTree │ │   └─┬ which-typed-array@1.1.9
18 silly saveTree │ │     ├── available-typed-arrays@1.0.5
18 silly saveTree │ │     ├─┬ for-each@0.3.3
18 silly saveTree │ │     │ └── is-callable@1.2.7
18 silly saveTree │ │     ├── gopd@1.0.1
18 silly saveTree │ │     └── is-typed-array@1.1.10
18 silly saveTree │ ├─┬ chalk@3.0.0
18 silly saveTree │ │ ├─┬ ansi-styles@4.3.0
18 silly saveTree │ │ │ └─┬ color-convert@2.0.1
18 silly saveTree │ │ │   └── color-name@1.1.4
18 silly saveTree │ │ └─┬ supports-color@7.2.0
18 silly saveTree │ │   └── has-flag@4.0.0
18 silly saveTree │ ├── css.escape@1.5.1
18 silly saveTree │ ├── dom-accessibility-api@0.5.14
18 silly saveTree │ ├── lodash@4.17.21
18 silly saveTree │ └─┬ redent@3.0.0
18 silly saveTree │   ├── indent-string@4.0.0
18 silly saveTree │   └─┬ strip-indent@3.0.0
18 silly saveTree │     └── min-indent@1.0.1
18 silly saveTree ├─┬ @testing-library/react@13.4.0
18 silly saveTree │ ├─┬ @testing-library/dom@8.19.0
18 silly saveTree │ │ ├── @types/aria-query@4.2.2
18 silly saveTree │ │ ├── aria-query@5.1.3
18 silly saveTree │ │ ├─┬ chalk@4.1.2
18 silly saveTree │ │ │ ├─┬ ansi-styles@4.3.0
18 silly saveTree │ │ │ │ └─┬ color-convert@2.0.1
18 silly saveTree │ │ │ │   └── color-name@1.1.4
18 silly saveTree │ │ │ └─┬ supports-color@7.2.0
18 silly saveTree │ │ │   └── has-flag@4.0.0
18 silly saveTree │ │ ├── lz-string@1.4.4
18 silly saveTree │ │ └─┬ pretty-format@27.5.1
18 silly saveTree │ │   ├── ansi-regex@5.0.1
18 silly saveTree │ │   ├── ansi-styles@5.2.0
18 silly saveTree │ │   └── react-is@17.0.2
18 silly saveTree │ └─┬ @types/react-dom@18.0.9
18 silly saveTree │   └─┬ @types/react@18.0.25
18 silly saveTree │     ├── @types/prop-types@15.7.5
18 silly saveTree │     ├── @types/scheduler@0.16.2
18 silly saveTree │     └── csstype@3.1.1
18 silly saveTree ├── @testing-library/user-event@13.5.0
18 silly saveTree ├─┬ react-dom@18.2.0
18 silly saveTree │ ├── loose-envify@1.4.0
18 silly saveTree │ └── scheduler@0.23.0
18 silly saveTree ├─┬ react-scripts@5.0.1
18 silly saveTree │ ├─┬ @babel/core@7.20.2
18 silly saveTree │ │ ├─┬ @ampproject/remapping@2.2.0
18 silly saveTree │ │ │ ├─┬ @jridgewell/gen-mapping@0.1.1
18 silly saveTree │ │ │ │ ├── @jridgewell/set-array@1.1.2
18 silly saveTree │ │ │ │ └── @jridgewell/sourcemap-codec@1.4.14
18 silly saveTree │ │ │ └─┬ @jridgewell/trace-mapping@0.3.17
18 silly saveTree │ │ │   └── @jridgewell/resolve-uri@3.1.0
18 silly saveTree │ │ ├─┬ @babel/generator@7.20.4
18 silly saveTree │ │ │ ├─┬ @babel/types@7.20.2
18 silly saveTree │ │ │ │ ├── @babel/helper-string-parser@7.19.4
18 silly saveTree │ │ │ │ └── to-fast-properties@2.0.0
18 silly saveTree │ │ │ ├── @jridgewell/gen-mapping@0.3.2
18 silly saveTree │ │ │ └── jsesc@2.5.2
18 silly saveTree │ │ ├─┬ @babel/helper-compilation-targets@7.20.0
18 silly saveTree │ │ │ ├── @babel/compat-data@7.20.1
18 silly saveTree │ │ │ ├── @babel/helper-validator-option@7.18.6
18 silly saveTree │ │ │ ├─┬ browserslist@4.21.4
18 silly saveTree │ │ │ │ ├── caniuse-lite@1.0.30001431
18 silly saveTree │ │ │ │ ├── electron-to-chromium@1.4.284
18 silly saveTree │ │ │ │ ├── node-releases@2.0.6
18 silly saveTree │ │ │ │ └─┬ update-browserslist-db@1.0.10
18 silly saveTree │ │ │ │   ├── escalade@3.1.1
18 silly saveTree │ │ │ │   └── picocolors@1.0.0
18 silly saveTree │ │ │ └── semver@6.3.0
18 silly saveTree │ │ ├─┬ @babel/helper-module-transforms@7.20.2
18 silly saveTree │ │ │ ├── @babel/helper-environment-visitor@7.18.9
18 silly saveTree │ │ │ ├── @babel/helper-module-imports@7.18.6
18 silly saveTree │ │ │ ├── @babel/helper-simple-access@7.20.2
18 silly saveTree │ │ │ ├── @babel/helper-split-export-declaration@7.18.6
18 silly saveTree │ │ │ ├─┬ @babel/template@7.18.10
18 silly saveTree │ │ │ │ └── @babel/parser@7.20.3
18 silly saveTree │ │ │ └─┬ @babel/traverse@7.20.1
18 silly saveTree │ │ │   ├── @babel/helper-function-name@7.19.0
18 silly saveTree │ │ │   ├── @babel/helper-hoist-variables@7.18.6
18 silly saveTree │ │ │   ├─┬ debug@4.3.4
18 silly saveTree │ │ │   │ └── ms@2.1.2
18 silly saveTree │ │ │   └── globals@11.12.0
18 silly saveTree │ │ ├── @babel/helpers@7.20.1
18 silly saveTree │ │ ├── @babel/parser@7.20.3
18 silly saveTree │ │ ├── @babel/template@7.18.10
18 silly saveTree │ │ ├── @babel/traverse@7.20.1
18 silly saveTree │ │ ├── @babel/types@7.20.2
18 silly saveTree │ │ ├── convert-source-map@1.9.0
18 silly saveTree │ │ ├── debug@4.3.4
18 silly saveTree │ │ ├── gensync@1.0.0-beta.2
18 silly saveTree │ │ ├── json5@2.2.1
18 silly saveTree │ │ └── semver@6.3.0
18 silly saveTree │ ├─┬ @pmmmwh/react-refresh-webpack-plugin@0.5.9
18 silly saveTree │ │ ├── ansi-html-community@0.0.8
18 silly saveTree │ │ ├── common-path-prefix@3.0.0
18 silly saveTree │ │ ├── core-js-pure@3.26.1
18 silly saveTree │ │ ├─┬ error-stack-parser@2.1.4
18 silly saveTree │ │ │ └── stackframe@1.3.4
18 silly saveTree │ │ ├─┬ find-up@5.0.0
18 silly saveTree │ │ │ ├─┬ locate-path@6.0.0
18 silly saveTree │ │ │ │ └─┬ p-locate@5.0.0
18 silly saveTree │ │ │ │   └─┬ p-limit@3.1.0
18 silly saveTree │ │ │ │     └── yocto-queue@0.1.0
18 silly saveTree │ │ │ └── path-exists@4.0.0
18 silly saveTree │ │ ├── html-entities@2.3.3
18 silly saveTree │ │ ├─┬ loader-utils@2.0.4
18 silly saveTree │ │ │ ├── big.js@5.2.2
18 silly saveTree │ │ │ └── emojis-list@3.0.0
18 silly saveTree │ │ ├─┬ schema-utils@3.1.1
18 silly saveTree │ │ │ ├── @types/json-schema@7.0.11
18 silly saveTree │ │ │ ├── ajv-keywords@3.5.2
18 silly saveTree │ │ │ └─┬ ajv@6.12.6
18 silly saveTree │ │ │   ├── fast-deep-equal@3.1.3
18 silly saveTree │ │ │   ├── fast-json-stable-stringify@2.1.0
18 silly saveTree │ │ │   ├── json-schema-traverse@0.4.1
18 silly saveTree │ │ │   └─┬ uri-js@4.4.1
18 silly saveTree │ │ │     └── punycode@2.1.1
18 silly saveTree │ │ └── source-map@0.7.4
18 silly saveTree │ ├─┬ @svgr/webpack@5.5.0
18 silly saveTree │ │ ├─┬ @babel/plugin-transform-react-constant-elements@7.20.2
18 silly saveTree │ │ │ └── @babel/helper-plugin-utils@7.20.2
18 silly saveTree │ │ ├─┬ @babel/preset-env@7.20.2
18 silly saveTree │ │ │ ├── @babel/plugin-bugfix-safari-id-destructuring-collision-in-function-expression@7.18.6
18 silly saveTree │ │ │ ├─┬ @babel/plugin-bugfix-v8-spread-parameters-in-optional-chaining@7.18.9
18 silly saveTree │ │ │ │ ├── @babel/helper-skip-transparent-expression-wrappers@7.20.0
18 silly saveTree │ │ │ │ └─┬ @babel/plugin-proposal-optional-chaining@7.18.9
18 silly saveTree │ │ │ │   └── @babel/plugin-syntax-optional-chaining@7.8.3
18 silly saveTree │ │ │ ├─┬ @babel/plugin-proposal-async-generator-functions@7.20.1
18 silly saveTree │ │ │ │ ├─┬ @babel/helper-remap-async-to-generator@7.18.9
18 silly saveTree │ │ │ │ │ ├── @babel/helper-annotate-as-pure@7.18.6
18 silly saveTree │ │ │ │ │ └── @babel/helper-wrap-function@7.19.0
18 silly saveTree │ │ │ │ └── @babel/plugin-syntax-async-generators@7.8.4
18 silly saveTree │ │ │ ├─┬ @babel/plugin-proposal-class-properties@7.18.6
18 silly saveTree │ │ │ │ └─┬ @babel/helper-create-class-features-plugin@7.20.2
18 silly saveTree │ │ │ │   ├── @babel/helper-member-expression-to-functions@7.18.9
18 silly saveTree │ │ │ │   ├── @babel/helper-optimise-call-expression@7.18.6
18 silly saveTree │ │ │ │   └── @babel/helper-replace-supers@7.19.1
18 silly saveTree │ │ │ ├─┬ @babel/plugin-proposal-class-static-block@7.18.6
18 silly saveTree │ │ │ │ └── @babel/plugin-syntax-class-static-block@7.14.5
18 silly saveTree │ │ │ ├─┬ @babel/plugin-proposal-dynamic-import@7.18.6
18 silly saveTree │ │ │ │ └── @babel/plugin-syntax-dynamic-import@7.8.3
18 silly saveTree │ │ │ ├─┬ @babel/plugin-proposal-export-namespace-from@7.18.9
18 silly saveTree │ │ │ │ └── @babel/plugin-syntax-export-namespace-from@7.8.3
18 silly saveTree │ │ │ ├─┬ @babel/plugin-proposal-json-strings@7.18.6
18 silly saveTree │ │ │ │ └── @babel/plugin-syntax-json-strings@7.8.3
18 silly saveTree │ │ │ ├─┬ @babel/plugin-proposal-logical-assignment-operators@7.18.9
18 silly saveTree │ │ │ │ └── @babel/plugin-syntax-logical-assignment-operators@7.10.4
18 silly saveTree │ │ │ ├─┬ @babel/plugin-proposal-nullish-coalescing-operator@7.18.6
18 silly saveTree │ │ │ │ └── @babel/plugin-syntax-nullish-coalescing-operator@7.8.3
18 silly saveTree │ │ │ ├─┬ @babel/plugin-proposal-numeric-separator@7.18.6
18 silly saveTree │ │ │ │ └── @babel/plugin-syntax-numeric-separator@7.10.4
18 silly saveTree │ │ │ ├─┬ @babel/plugin-proposal-object-rest-spread@7.20.2
18 silly saveTree │ │ │ │ ├── @babel/plugin-syntax-object-rest-spread@7.8.3
18 silly saveTree │ │ │ │ └── @babel/plugin-transform-parameters@7.20.3
18 silly saveTree │ │ │ ├─┬ @babel/plugin-proposal-optional-catch-binding@7.18.6
18 silly saveTree │ │ │ │ └── @babel/plugin-syntax-optional-catch-binding@7.8.3
18 silly saveTree │ │ │ ├── @babel/plugin-proposal-optional-chaining@7.18.9
18 silly saveTree │ │ │ ├── @babel/plugin-proposal-private-methods@7.18.6
18 silly saveTree │ │ │ ├─┬ @babel/plugin-proposal-private-property-in-object@7.18.6
18 silly saveTree │ │ │ │ └── @babel/plugin-syntax-private-property-in-object@7.14.5
18 silly saveTree │ │ │ ├─┬ @babel/plugin-proposal-unicode-property-regex@7.18.6
18 silly saveTree │ │ │ │ └─┬ @babel/helper-create-regexp-features-plugin@7.19.0
18 silly saveTree │ │ │ │   └─┬ regexpu-core@5.2.2
18 silly saveTree │ │ │ │     ├─┬ regenerate-unicode-properties@10.1.0
18 silly saveTree │ │ │ │     │ └── regenerate@1.4.2
18 silly saveTree │ │ │ │     ├── regenerate@1.4.2
18 silly saveTree │ │ │ │     ├── regjsgen@0.7.1
18 silly saveTree │ │ │ │     ├─┬ regjsparser@0.9.1
18 silly saveTree │ │ │ │     │ └── jsesc@0.5.0
18 silly saveTree │ │ │ │     ├─┬ unicode-match-property-ecmascript@2.0.0
18 silly saveTree │ │ │ │     │ ├── unicode-canonical-property-names-ecmascript@2.0.0
18 silly saveTree │ │ │ │     │ └── unicode-property-aliases-ecmascript@2.1.0
18 silly saveTree │ │ │ │     └── unicode-match-property-value-ecmascript@2.1.0
18 silly saveTree │ │ │ ├── @babel/plugin-syntax-async-generators@7.8.4
18 silly saveTree │ │ │ ├── @babel/plugin-syntax-class-properties@7.12.13
18 silly saveTree │ │ │ ├── @babel/plugin-syntax-class-static-block@7.14.5
18 silly saveTree │ │ │ ├── @babel/plugin-syntax-dynamic-import@7.8.3
18 silly saveTree │ │ │ ├── @babel/plugin-syntax-export-namespace-from@7.8.3
18 silly saveTree │ │ │ ├── @babel/plugin-syntax-import-assertions@7.20.0
18 silly saveTree │ │ │ ├── @babel/plugin-syntax-json-strings@7.8.3
18 silly saveTree │ │ │ ├── @babel/plugin-syntax-logical-assignment-operators@7.10.4
18 silly saveTree │ │ │ ├── @babel/plugin-syntax-nullish-coalescing-operator@7.8.3
18 silly saveTree │ │ │ ├── @babel/plugin-syntax-numeric-separator@7.10.4
18 silly saveTree │ │ │ ├── @babel/plugin-syntax-object-rest-spread@7.8.3
18 silly saveTree │ │ │ ├── @babel/plugin-syntax-optional-catch-binding@7.8.3
18 silly saveTree │ │ │ ├── @babel/plugin-syntax-optional-chaining@7.8.3
18 silly saveTree │ │ │ ├── @babel/plugin-syntax-private-property-in-object@7.14.5
18 silly saveTree │ │ │ ├── @babel/plugin-syntax-top-level-await@7.14.5
18 silly saveTree │ │ │ ├── @babel/plugin-transform-arrow-functions@7.18.6
18 silly saveTree │ │ │ ├── @babel/plugin-transform-async-to-generator@7.18.6
18 silly saveTree │ │ │ ├── @babel/plugin-transform-block-scoped-functions@7.18.6
18 silly saveTree │ │ │ ├── @babel/plugin-transform-block-scoping@7.20.2
18 silly saveTree │ │ │ ├── @babel/plugin-transform-classes@7.20.2
18 silly saveTree │ │ │ ├── @babel/plugin-transform-computed-properties@7.18.9
18 silly saveTree │ │ │ ├── @babel/plugin-transform-destructuring@7.20.2
18 silly saveTree │ │ │ ├── @babel/plugin-transform-dotall-regex@7.18.6
18 silly saveTree │ │ │ ├── @babel/plugin-transform-duplicate-keys@7.18.9
18 silly saveTree │ │ │ ├─┬ @babel/plugin-transform-exponentiation-operator@7.18.6
18 silly saveTree │ │ │ │ └─┬ @babel/helper-builder-binary-assignment-operator-visitor@7.18.9
18 silly saveTree │ │ │ │   └── @babel/helper-explode-assignable-expression@7.18.6
18 silly saveTree │ │ │ ├── @babel/plugin-transform-for-of@7.18.8
18 silly saveTree │ │ │ ├── @babel/plugin-transform-function-name@7.18.9
18 silly saveTree │ │ │ ├── @babel/plugin-transform-literals@7.18.9
18 silly saveTree │ │ │ ├── @babel/plugin-transform-member-expression-literals@7.18.6
18 silly saveTree │ │ │ ├── @babel/plugin-transform-modules-amd@7.19.6
18 silly saveTree │ │ │ ├── @babel/plugin-transform-modules-commonjs@7.19.6
18 silly saveTree │ │ │ ├── @babel/plugin-transform-modules-systemjs@7.19.6
18 silly saveTree │ │ │ ├── @babel/plugin-transform-modules-umd@7.18.6
18 silly saveTree │ │ │ ├── @babel/plugin-transform-named-capturing-groups-regex@7.19.1
18 silly saveTree │ │ │ ├── @babel/plugin-transform-new-target@7.18.6
18 silly saveTree │ │ │ ├── @babel/plugin-transform-object-super@7.18.6
18 silly saveTree │ │ │ ├── @babel/plugin-transform-parameters@7.20.3
18 silly saveTree │ │ │ ├── @babel/plugin-transform-property-literals@7.18.6
18 silly saveTree │ │ │ ├─┬ @babel/plugin-transform-regenerator@7.18.6
18 silly saveTree │ │ │ │ └── regenerator-transform@0.15.1
18 silly saveTree │ │ │ ├── @babel/plugin-transform-reserved-words@7.18.6
18 silly saveTree │ │ │ ├── @babel/plugin-transform-shorthand-properties@7.18.6
18 silly saveTree │ │ │ ├── @babel/plugin-transform-spread@7.19.0
18 silly saveTree │ │ │ ├── @babel/plugin-transform-sticky-regex@7.18.6
18 silly saveTree │ │ │ ├── @babel/plugin-transform-template-literals@7.18.9
18 silly saveTree │ │ │ ├── @babel/plugin-transform-typeof-symbol@7.18.9
18 silly saveTree │ │ │ ├── @babel/plugin-transform-unicode-escapes@7.18.10
18 silly saveTree │ │ │ ├── @babel/plugin-transform-unicode-regex@7.18.6
18 silly saveTree │ │ │ ├─┬ @babel/preset-modules@0.1.5
18 silly saveTree │ │ │ │ └── esutils@2.0.3
18 silly saveTree │ │ │ ├─┬ babel-plugin-polyfill-corejs2@0.3.3
18 silly saveTree │ │ │ │ ├─┬ @babel/helper-define-polyfill-provider@0.3.3
18 silly saveTree │ │ │ │ │ ├── lodash.debounce@4.0.8
18 silly saveTree │ │ │ │ │ ├─┬ resolve@1.22.1
18 silly saveTree │ │ │ │ │ │ ├── is-core-module@2.11.0
18 silly saveTree │ │ │ │ │ │ ├── path-parse@1.0.7
18 silly saveTree │ │ │ │ │ │ └── supports-preserve-symlinks-flag@1.0.0
18 silly saveTree │ │ │ │ │ └── semver@6.3.0
18 silly saveTree │ │ │ │ └── semver@6.3.0
18 silly saveTree │ │ │ ├─┬ babel-plugin-polyfill-corejs3@0.6.0
18 silly saveTree │ │ │ │ └── core-js-compat@3.26.1
18 silly saveTree │ │ │ ├── babel-plugin-polyfill-regenerator@0.4.1
18 silly saveTree │ │ │ ├── core-js-compat@3.26.1
18 silly saveTree │ │ │ └── semver@6.3.0
18 silly saveTree │ │ ├─┬ @babel/preset-react@7.18.6
18 silly saveTree │ │ │ ├── @babel/plugin-transform-react-display-name@7.18.6
18 silly saveTree │ │ │ ├─┬ @babel/plugin-transform-react-jsx-development@7.18.6
18 silly saveTree │ │ │ │ └─┬ @babel/plugin-transform-react-jsx@7.19.0
18 silly saveTree │ │ │ │   └── @babel/plugin-syntax-jsx@7.18.6
18 silly saveTree │ │ │ ├── @babel/plugin-transform-react-jsx@7.19.0
18 silly saveTree │ │ │ └── @babel/plugin-transform-react-pure-annotations@7.18.6
18 silly saveTree │ │ ├─┬ @svgr/core@5.5.0
18 silly saveTree │ │ │ ├─┬ @svgr/plugin-jsx@5.5.0
18 silly saveTree │ │ │ │ ├─┬ @svgr/babel-preset@5.5.0
18 silly saveTree │ │ │ │ │ ├── @svgr/babel-plugin-add-jsx-attribute@5.4.0
18 silly saveTree │ │ │ │ │ ├── @svgr/babel-plugin-remove-jsx-attribute@5.4.0
18 silly saveTree │ │ │ │ │ ├── @svgr/babel-plugin-remove-jsx-empty-expression@5.0.1
18 silly saveTree │ │ │ │ │ ├── @svgr/babel-plugin-replace-jsx-attribute-value@5.0.1
18 silly saveTree │ │ │ │ │ ├── @svgr/babel-plugin-svg-dynamic-title@5.4.0
18 silly saveTree │ │ │ │ │ ├── @svgr/babel-plugin-svg-em-dimensions@5.4.0
18 silly saveTree │ │ │ │ │ ├── @svgr/babel-plugin-transform-react-native-svg@5.4.0
18 silly saveTree │ │ │ │ │ └── @svgr/babel-plugin-transform-svg-component@5.5.0
18 silly saveTree │ │ │ │ ├── @svgr/hast-util-to-babel-ast@5.5.0
18 silly saveTree │ │ │ │ └── svg-parser@2.0.4
18 silly saveTree │ │ │ ├── camelcase@6.3.0
18 silly saveTree │ │ │ └─┬ cosmiconfig@7.1.0
18 silly saveTree │ │ │   ├── @types/parse-json@4.0.0
18 silly saveTree │ │ │   ├─┬ import-fresh@3.3.0
18 silly saveTree │ │ │   │ ├─┬ parent-module@1.0.1
18 silly saveTree │ │ │   │ │ └── callsites@3.1.0
18 silly saveTree │ │ │   │ └── resolve-from@4.0.0
18 silly saveTree │ │ │   ├─┬ parse-json@5.2.0
18 silly saveTree │ │ │   │ ├─┬ error-ex@1.3.2
18 silly saveTree │ │ │   │ │ └── is-arrayish@0.2.1
18 silly saveTree │ │ │   │ ├── json-parse-even-better-errors@2.3.1
18 silly saveTree │ │ │   │ └── lines-and-columns@1.2.4
18 silly saveTree │ │ │   ├── path-type@4.0.0
18 silly saveTree │ │ │   └── yaml@1.10.2
18 silly saveTree │ │ ├── @svgr/plugin-jsx@5.5.0
18 silly saveTree │ │ └─┬ @svgr/plugin-svgo@5.5.0
18 silly saveTree │ │   ├── deepmerge@4.2.2
18 silly saveTree │ │   └─┬ svgo@1.3.2
18 silly saveTree │ │     ├─┬ coa@2.0.2
18 silly saveTree │ │     │ ├── @types/q@1.5.5
18 silly saveTree │ │     │ └── q@1.5.1
18 silly saveTree │ │     ├── css-select-base-adapter@0.1.1
18 silly saveTree │ │     ├─┬ css-select@2.1.0
18 silly saveTree │ │     │ ├── boolbase@1.0.0
18 silly saveTree │ │     │ ├── css-what@3.4.2
18 silly saveTree │ │     │ ├─┬ domutils@1.7.0
18 silly saveTree │ │     │ │ ├─┬ dom-serializer@0.2.2
18 silly saveTree │ │     │ │ │ ├── domelementtype@2.3.0
18 silly saveTree │ │     │ │ │ └── entities@2.2.0
18 silly saveTree │ │     │ │ └── domelementtype@1.3.1
18 silly saveTree │ │     │ └── nth-check@1.0.2
18 silly saveTree │ │     ├─┬ css-tree@1.0.0-alpha.37
18 silly saveTree │ │     │ ├── mdn-data@2.0.4
18 silly saveTree │ │     │ └── source-map@0.6.1
18 silly saveTree │ │     ├─┬ csso@4.2.0
18 silly saveTree │ │     │ └─┬ css-tree@1.1.3
18 silly saveTree │ │     │   ├── mdn-data@2.0.14
18 silly saveTree │ │     │   └── source-map@0.6.1
18 silly saveTree │ │     ├─┬ js-yaml@3.14.1
18 silly saveTree │ │     │ ├─┬ argparse@1.0.10
18 silly saveTree │ │     │ │ └── sprintf-js@1.0.3
18 silly saveTree │ │     │ └── esprima@4.0.1
18 silly saveTree │ │     ├─┬ mkdirp@0.5.6
18 silly saveTree │ │     │ └── minimist@1.2.7
18 silly saveTree │ │     ├─┬ object.values@1.1.6
18 silly saveTree │ │     │ └─┬ es-abstract@1.20.4
18 silly saveTree │ │     │   ├── es-to-primitive@1.2.1
18 silly saveTree │ │     │   ├── function.prototype.name@1.1.5
18 silly saveTree │ │     │   ├── get-symbol-description@1.0.0
18 silly saveTree │ │     │   ├── internal-slot@1.0.3
18 silly saveTree │ │     │   ├── is-negative-zero@2.0.2
18 silly saveTree │ │     │   ├── is-shared-array-buffer@1.0.2
18 silly saveTree │ │     │   ├── is-weakref@1.0.2
18 silly saveTree │ │     │   ├── safe-regex-test@1.0.0
18 silly saveTree │ │     │   ├── string.prototype.trimend@1.0.6
18 silly saveTree │ │     │   ├── string.prototype.trimstart@1.0.6
18 silly saveTree │ │     │   └── unbox-primitive@1.0.2
18 silly saveTree │ │     ├── sax@1.2.4
18 silly saveTree │ │     ├── stable@0.1.8
18 silly saveTree │ │     ├── unquote@1.1.1
18 silly saveTree │ │     └─┬ util.promisify@1.0.1
18 silly saveTree │ │       └─┬ object.getownpropertydescriptors@2.1.5
18 silly saveTree │ │         └─┬ array.prototype.reduce@1.0.5
18 silly saveTree │ │           └── es-array-method-boxes-properly@1.0.0
18 silly saveTree │ ├─┬ babel-jest@27.5.1
18 silly saveTree │ │ ├─┬ @jest/transform@27.5.1
18 silly saveTree │ │ │ ├─┬ @jest/types@27.5.1
18 silly saveTree │ │ │ │ ├── @types/yargs@16.0.4
18 silly saveTree │ │ │ │ └─┬ chalk@4.1.2
18 silly saveTree │ │ │ │   ├─┬ ansi-styles@4.3.0
18 silly saveTree │ │ │ │   │ └─┬ color-convert@2.0.1
18 silly saveTree │ │ │ │   │   └── color-name@1.1.4
18 silly saveTree │ │ │ │   └─┬ supports-color@7.2.0
18 silly saveTree │ │ │ │     └── has-flag@4.0.0
18 silly saveTree │ │ │ ├─┬ babel-plugin-istanbul@6.1.1
18 silly saveTree │ │ │ │ ├─┬ @istanbuljs/load-nyc-config@1.1.0
18 silly saveTree │ │ │ │ │ ├── camelcase@5.3.1
18 silly saveTree │ │ │ │ │ ├─┬ find-up@4.1.0
18 silly saveTree │ │ │ │ │ │ └─┬ locate-path@5.0.0
18 silly saveTree │ │ │ │ │ │   └─┬ p-locate@4.1.0
18 silly saveTree │ │ │ │ │ │     └─┬ p-limit@2.3.0
18 silly saveTree │ │ │ │ │ │       └── p-try@2.2.0
18 silly saveTree │ │ │ │ │ ├── get-package-type@0.1.0
18 silly saveTree │ │ │ │ │ └── resolve-from@5.0.0
18 silly saveTree │ │ │ │ ├── @istanbuljs/schema@0.1.3
18 silly saveTree │ │ │ │ ├─┬ istanbul-lib-instrument@5.2.1
18 silly saveTree │ │ │ │ │ ├── istanbul-lib-coverage@3.2.0
18 silly saveTree │ │ │ │ │ └── semver@6.3.0
18 silly saveTree │ │ │ │ └─┬ test-exclude@6.0.0
18 silly saveTree │ │ │ │   ├─┬ glob@7.2.3
18 silly saveTree │ │ │ │   │ ├── fs.realpath@1.0.0
18 silly saveTree │ │ │ │   │ ├─┬ inflight@1.0.6
18 silly saveTree │ │ │ │   │ │ ├─┬ once@1.4.0
18 silly saveTree │ │ │ │   │ │ │ └── wrappy@1.0.2
18 silly saveTree │ │ │ │   │ │ └── wrappy@1.0.2
18 silly saveTree │ │ │ │   │ ├── inherits@2.0.4
18 silly saveTree │ │ │ │   │ ├─┬ minimatch@3.1.2
18 silly saveTree │ │ │ │   │ │ └─┬ brace-expansion@1.1.11
18 silly saveTree │ │ │ │   │ │   ├── balanced-match@1.0.2
18 silly saveTree │ │ │ │   │ │   └── concat-map@0.0.1
18 silly saveTree │ │ │ │   │ ├── once@1.4.0
18 silly saveTree │ │ │ │   │ └── path-is-absolute@1.0.1
18 silly saveTree │ │ │ │   └── minimatch@3.1.2
18 silly saveTree │ │ │ ├─┬ chalk@4.1.2
18 silly saveTree │ │ │ │ ├─┬ ansi-styles@4.3.0
18 silly saveTree │ │ │ │ │ └─┬ color-convert@2.0.1
18 silly saveTree │ │ │ │ │   └── color-name@1.1.4
18 silly saveTree │ │ │ │ └─┬ supports-color@7.2.0
18 silly saveTree │ │ │ │   └── has-flag@4.0.0
18 silly saveTree │ │ │ ├─┬ jest-haste-map@27.5.1
18 silly saveTree │ │ │ │ ├── @types/graceful-fs@4.1.5
18 silly saveTree │ │ │ │ ├─┬ anymatch@3.1.2
18 silly saveTree │ │ │ │ │ └── normalize-path@3.0.0
18 silly saveTree │ │ │ │ ├─┬ fb-watchman@2.0.2
18 silly saveTree │ │ │ │ │ └─┬ bser@2.1.1
18 silly saveTree │ │ │ │ │   └── node-int64@0.4.0
18 silly saveTree │ │ │ │ ├── fsevents@2.3.2
18 silly saveTree │ │ │ │ ├── jest-regex-util@27.5.1
18 silly saveTree │ │ │ │ ├── jest-serializer@27.5.1
18 silly saveTree │ │ │ │ ├─┬ jest-util@27.5.1
18 silly saveTree │ │ │ │ │ └─┬ chalk@4.1.2
18 silly saveTree │ │ │ │ │   ├─┬ ansi-styles@4.3.0
18 silly saveTree │ │ │ │ │   │ └─┬ color-convert@2.0.1
18 silly saveTree │ │ │ │ │   │   └── color-name@1.1.4
18 silly saveTree │ │ │ │ │   └─┬ supports-color@7.2.0
18 silly saveTree │ │ │ │ │     └── has-flag@4.0.0
18 silly saveTree │ │ │ │ ├─┬ jest-worker@27.5.1
18 silly saveTree │ │ │ │ │ ├── merge-stream@2.0.0
18 silly saveTree │ │ │ │ │ └─┬ supports-color@8.1.1
18 silly saveTree │ │ │ │ │   └── has-flag@4.0.0
18 silly saveTree │ │ │ │ └─┬ walker@1.0.8
18 silly saveTree │ │ │ │   └─┬ makeerror@1.0.12
18 silly saveTree │ │ │ │     └── tmpl@1.0.5
18 silly saveTree │ │ │ ├── jest-regex-util@27.5.1
18 silly saveTree │ │ │ ├── jest-util@27.5.1
18 silly saveTree │ │ │ ├── pirates@4.0.5
18 silly saveTree │ │ │ ├── source-map@0.6.1
18 silly saveTree │ │ │ └─┬ write-file-atomic@3.0.3
18 silly saveTree │ │ │   ├── imurmurhash@0.1.4
18 silly saveTree │ │ │   ├── is-typedarray@1.0.0
18 silly saveTree │ │ │   ├── signal-exit@3.0.7
18 silly saveTree │ │ │   └── typedarray-to-buffer@3.1.5
18 silly saveTree │ │ ├── @jest/types@27.5.1
18 silly saveTree │ │ ├─┬ @types/babel__core@7.1.20
18 silly saveTree │ │ │ ├── @types/babel__generator@7.6.4
18 silly saveTree │ │ │ ├── @types/babel__template@7.4.1
18 silly saveTree │ │ │ └── @types/babel__traverse@7.18.2
18 silly saveTree │ │ ├── babel-plugin-istanbul@6.1.1
18 silly saveTree │ │ ├─┬ babel-preset-jest@27.5.1
18 silly saveTree │ │ │ ├── babel-plugin-jest-hoist@27.5.1
18 silly saveTree │ │ │ └─┬ babel-preset-current-node-syntax@1.0.1
18 silly saveTree │ │ │   ├── @babel/plugin-syntax-bigint@7.8.3
18 silly saveTree │ │ │   └── @babel/plugin-syntax-import-meta@7.10.4
18 silly saveTree │ │ └─┬ chalk@4.1.2
18 silly saveTree │ │   ├─┬ ansi-styles@4.3.0
18 silly saveTree │ │   │ └─┬ color-convert@2.0.1
18 silly saveTree │ │   │   └── color-name@1.1.4
18 silly saveTree │ │   └─┬ supports-color@7.2.0
18 silly saveTree │ │     └── has-flag@4.0.0
18 silly saveTree │ ├─┬ babel-loader@8.3.0
18 silly saveTree │ │ ├─┬ find-cache-dir@3.3.2
18 silly saveTree │ │ │ ├── commondir@1.0.1
18 silly saveTree │ │ │ ├─┬ make-dir@3.1.0
18 silly saveTree │ │ │ │ └── semver@6.3.0
18 silly saveTree │ │ │ └─┬ pkg-dir@4.2.0
18 silly saveTree │ │ │   └─┬ find-up@4.1.0
18 silly saveTree │ │ │     └─┬ locate-path@5.0.0
18 silly saveTree │ │ │       └─┬ p-locate@4.1.0
18 silly saveTree │ │ │         └── p-limit@2.3.0
18 silly saveTree │ │ ├── make-dir@3.1.0
18 silly saveTree │ │ └── schema-utils@2.7.1
18 silly saveTree │ ├── babel-plugin-named-asset-import@0.3.8
18 silly saveTree │ ├─┬ babel-preset-react-app@10.0.1
18 silly saveTree │ │ ├─┬ @babel/plugin-proposal-decorators@7.20.2
18 silly saveTree │ │ │ └── @babel/plugin-syntax-decorators@7.19.0
18 silly saveTree │ │ ├─┬ @babel/plugin-transform-flow-strip-types@7.19.0
18 silly saveTree │ │ │ └── @babel/plugin-syntax-flow@7.18.6
18 silly saveTree │ │ ├─┬ @babel/plugin-transform-runtime@7.19.6
18 silly saveTree │ │ │ └── semver@6.3.0
18 silly saveTree │ │ ├─┬ @babel/preset-typescript@7.18.6
18 silly saveTree │ │ │ └─┬ @babel/plugin-transform-typescript@7.20.2
18 silly saveTree │ │ │   └── @babel/plugin-syntax-typescript@7.20.0
18 silly saveTree │ │ ├── babel-plugin-macros@3.1.0
18 silly saveTree │ │ └── babel-plugin-transform-react-remove-prop-types@0.4.24
18 silly saveTree │ ├─┬ bfj@7.0.2
18 silly saveTree │ │ ├── bluebird@3.7.2
18 silly saveTree │ │ ├── check-types@11.1.2
18 silly saveTree │ │ ├── hoopy@0.1.4
18 silly saveTree │ │ └── tryer@1.0.1
18 silly saveTree │ ├── browserslist@4.21.4
18 silly saveTree │ ├── camelcase@6.3.0
18 silly saveTree │ ├── case-sensitive-paths-webpack-plugin@2.4.0
18 silly saveTree │ ├─┬ css-loader@6.7.2
18 silly saveTree │ │ ├── icss-utils@5.1.0
18 silly saveTree │ │ ├── postcss-modules-extract-imports@3.0.0
18 silly saveTree │ │ ├─┬ postcss-modules-local-by-default@4.0.0
18 silly saveTree │ │ │ ├─┬ postcss-selector-parser@6.0.10
18 silly saveTree │ │ │ │ ├── cssesc@3.0.0
18 silly saveTree │ │ │ │ └── util-deprecate@1.0.2
18 silly saveTree │ │ │ └── postcss-value-parser@4.2.0
18 silly saveTree │ │ ├── postcss-modules-scope@3.0.0
18 silly saveTree │ │ ├── postcss-modules-values@4.0.0
18 silly saveTree │ │ ├── postcss-value-parser@4.2.0
18 silly saveTree │ │ ├─┬ postcss@8.4.19
18 silly saveTree │ │ │ ├── nanoid@3.3.4
18 silly saveTree │ │ │ └── source-map-js@1.0.2
18 silly saveTree │ │ └─┬ semver@7.3.8
18 silly saveTree │ │   └─┬ lru-cache@6.0.0
18 silly saveTree │ │     └── yallist@4.0.0
18 silly saveTree │ ├─┬ css-minimizer-webpack-plugin@3.4.1
18 silly saveTree │ │ ├─┬ cssnano@5.1.14
18 silly saveTree │ │ │ ├─┬ cssnano-preset-default@5.2.13
18 silly saveTree │ │ │ │ ├── css-declaration-sorter@6.3.1
18 silly saveTree │ │ │ │ ├── cssnano-utils@3.1.0
18 silly saveTree │ │ │ │ ├── postcss-calc@8.2.4
18 silly saveTree │ │ │ │ ├─┬ postcss-colormin@5.3.0
18 silly saveTree │ │ │ │ │ ├─┬ caniuse-api@3.0.0
18 silly saveTree │ │ │ │ │ │ ├── lodash.memoize@4.1.2
18 silly saveTree │ │ │ │ │ │ └── lodash.uniq@4.5.0
18 silly saveTree │ │ │ │ │ └── colord@2.9.3
18 silly saveTree │ │ │ │ ├── postcss-convert-values@5.1.3
18 silly saveTree │ │ │ │ ├── postcss-discard-comments@5.1.2
18 silly saveTree │ │ │ │ ├── postcss-discard-duplicates@5.1.0
18 silly saveTree │ │ │ │ ├── postcss-discard-empty@5.1.1
18 silly saveTree │ │ │ │ ├── postcss-discard-overridden@5.1.0
18 silly saveTree │ │ │ │ ├─┬ postcss-merge-longhand@5.1.7
18 silly saveTree │ │ │ │ │ └── stylehacks@5.1.1
18 silly saveTree │ │ │ │ ├── postcss-merge-rules@5.1.3
18 silly saveTree │ │ │ │ ├── postcss-minify-font-values@5.1.0
18 silly saveTree │ │ │ │ ├── postcss-minify-gradients@5.1.1
18 silly saveTree │ │ │ │ ├── postcss-minify-params@5.1.4
18 silly saveTree │ │ │ │ ├── postcss-minify-selectors@5.2.1
18 silly saveTree │ │ │ │ ├── postcss-normalize-charset@5.1.0
18 silly saveTree │ │ │ │ ├── postcss-normalize-display-values@5.1.0
18 silly saveTree │ │ │ │ ├── postcss-normalize-positions@5.1.1
18 silly saveTree │ │ │ │ ├── postcss-normalize-repeat-style@5.1.1
18 silly saveTree │ │ │ │ ├── postcss-normalize-string@5.1.0
18 silly saveTree │ │ │ │ ├── postcss-normalize-timing-functions@5.1.0
18 silly saveTree │ │ │ │ ├── postcss-normalize-unicode@5.1.1
18 silly saveTree │ │ │ │ ├─┬ postcss-normalize-url@5.1.0
18 silly saveTree │ │ │ │ │ └── normalize-url@6.1.0
18 silly saveTree │ │ │ │ ├── postcss-normalize-whitespace@5.1.1
18 silly saveTree │ │ │ │ ├── postcss-ordered-values@5.1.3
18 silly saveTree │ │ │ │ ├── postcss-reduce-initial@5.1.1
18 silly saveTree │ │ │ │ ├── postcss-reduce-transforms@5.1.0
18 silly saveTree │ │ │ │ ├─┬ postcss-svgo@5.1.0
18 silly saveTree │ │ │ │ │ └─┬ svgo@2.8.0
18 silly saveTree │ │ │ │ │   ├── @trysound/sax@0.2.0
18 silly saveTree │ │ │ │ │   ├── commander@7.2.0
18 silly saveTree │ │ │ │ │   ├─┬ css-select@4.3.0
18 silly saveTree │ │ │ │ │   │ ├── css-what@6.1.0
18 silly saveTree │ │ │ │ │   │ ├─┬ domhandler@4.3.1
18 silly saveTree │ │ │ │ │   │ │ └── domelementtype@2.3.0
18 silly saveTree │ │ │ │ │   │ ├─┬ domutils@2.8.0
18 silly saveTree │ │ │ │ │   │ │ ├─┬ dom-serializer@1.4.1
18 silly saveTree │ │ │ │ │   │ │ │ └── domelementtype@2.3.0
18 silly saveTree │ │ │ │ │   │ │ └── domelementtype@2.3.0
18 silly saveTree │ │ │ │ │   │ └── nth-check@2.1.1
18 silly saveTree │ │ │ │ │   └─┬ css-tree@1.1.3
18 silly saveTree │ │ │ │ │     ├── mdn-data@2.0.14
18 silly saveTree │ │ │ │ │     └── source-map@0.6.1
18 silly saveTree │ │ │ │ └── postcss-unique-selectors@5.1.1
18 silly saveTree │ │ │ └── lilconfig@2.0.6
18 silly saveTree │ │ ├─┬ schema-utils@4.0.0
18 silly saveTree │ │ │ ├─┬ ajv-formats@2.1.1
18 silly saveTree │ │ │ │ └─┬ ajv@8.11.2
18 silly saveTree │ │ │ │   ├── json-schema-traverse@1.0.0
18 silly saveTree │ │ │ │   └── require-from-string@2.0.2
18 silly saveTree │ │ │ ├── ajv-keywords@5.1.0
18 silly saveTree │ │ │ └─┬ ajv@8.11.2
18 silly saveTree │ │ │   └── json-schema-traverse@1.0.0
18 silly saveTree │ │ ├─┬ serialize-javascript@6.0.0
18 silly saveTree │ │ │ └─┬ randombytes@2.1.0
18 silly saveTree │ │ │   └── safe-buffer@5.2.1
18 silly saveTree │ │ └── source-map@0.6.1
18 silly saveTree │ ├── dotenv-expand@5.1.0
18 silly saveTree │ ├── dotenv@10.0.0
18 silly saveTree │ ├─┬ eslint-config-react-app@7.0.1
18 silly saveTree │ │ ├─┬ @babel/eslint-parser@7.19.1
18 silly saveTree │ │ │ ├─┬ @nicolo-ribaudo/eslint-scope-5-internals@5.1.1-v1
18 silly saveTree │ │ │ │ └─┬ eslint-scope@5.1.1
18 silly saveTree │ │ │ │   ├─┬ esrecurse@4.3.0
18 silly saveTree │ │ │ │   │ └── estraverse@5.3.0
18 silly saveTree │ │ │ │   └── estraverse@4.3.0
18 silly saveTree │ │ │ ├── eslint-visitor-keys@2.1.0
18 silly saveTree │ │ │ └── semver@6.3.0
18 silly saveTree │ │ ├── @rushstack/eslint-patch@1.2.0
18 silly saveTree │ │ ├─┬ @typescript-eslint/eslint-plugin@5.43.0
18 silly saveTree │ │ │ ├─┬ @typescript-eslint/scope-manager@5.43.0
18 silly saveTree │ │ │ │ ├── @typescript-eslint/types@5.43.0
18 silly saveTree │ │ │ │ └─┬ @typescript-eslint/visitor-keys@5.43.0
18 silly saveTree │ │ │ │   └── eslint-visitor-keys@3.3.0
18 silly saveTree │ │ │ ├─┬ @typescript-eslint/type-utils@5.43.0
18 silly saveTree │ │ │ │ ├─┬ @typescript-eslint/typescript-estree@5.43.0
18 silly saveTree │ │ │ │ │ ├─┬ globby@11.1.0
18 silly saveTree │ │ │ │ │ │ ├── array-union@2.1.0
18 silly saveTree │ │ │ │ │ │ ├── dir-glob@3.0.1
18 silly saveTree │ │ │ │ │ │ ├─┬ fast-glob@3.2.12
18 silly saveTree │ │ │ │ │ │ │ ├── @nodelib/fs.stat@2.0.5
18 silly saveTree │ │ │ │ │ │ │ ├─┬ @nodelib/fs.walk@1.2.8
18 silly saveTree │ │ │ │ │ │ │ │ ├─┬ @nodelib/fs.scandir@2.1.5
18 silly saveTree │ │ │ │ │ │ │ │ │ └─┬ run-parallel@1.2.0
18 silly saveTree │ │ │ │ │ │ │ │ │   └── queue-microtask@1.2.3
18 silly saveTree │ │ │ │ │ │ │ │ └─┬ fastq@1.13.0
18 silly saveTree │ │ │ │ │ │ │ │   └── reusify@1.0.4
18 silly saveTree │ │ │ │ │ │ │ ├─┬ glob-parent@5.1.2
18 silly saveTree │ │ │ │ │ │ │ │ └─┬ is-glob@4.0.3
18 silly saveTree │ │ │ │ │ │ │ │   └── is-extglob@2.1.1
18 silly saveTree │ │ │ │ │ │ │ └── merge2@1.4.1
18 silly saveTree │ │ │ │ │ │ ├── ignore@5.2.0
18 silly saveTree │ │ │ │ │ │ └── merge2@1.4.1
18 silly saveTree │ │ │ │ │ ├── is-glob@4.0.3
18 silly saveTree │ │ │ │ │ └─┬ tsutils@3.21.0
18 silly saveTree │ │ │ │ │   └── tslib@1.14.1
18 silly saveTree │ │ │ │ ├─┬ @typescript-eslint/utils@5.43.0
18 silly saveTree │ │ │ │ │ ├── @types/semver@7.3.13
18 silly saveTree │ │ │ │ │ ├─┬ eslint-scope@5.1.1
18 silly saveTree │ │ │ │ │ │ └── estraverse@4.3.0
18 silly saveTree │ │ │ │ │ └─┬ eslint-utils@3.0.0
18 silly saveTree │ │ │ │ │   └── eslint-visitor-keys@2.1.0
18 silly saveTree │ │ │ │ └── tsutils@3.21.0
18 silly saveTree │ │ │ ├── @typescript-eslint/utils@5.43.0
18 silly saveTree │ │ │ ├── ignore@5.2.0
18 silly saveTree │ │ │ ├── natural-compare-lite@1.4.0
18 silly saveTree │ │ │ ├── regexpp@3.2.0
18 silly saveTree │ │ │ └── tsutils@3.21.0
18 silly saveTree │ │ ├── @typescript-eslint/parser@5.43.0
18 silly saveTree │ │ ├── confusing-browser-globals@1.0.11
18 silly saveTree │ │ ├─┬ eslint-plugin-flowtype@8.0.3
18 silly saveTree │ │ │ └── string-natural-compare@3.0.1
18 silly saveTree │ │ ├─┬ eslint-plugin-import@2.26.0
18 silly saveTree │ │ │ ├── array-includes@3.1.6
18 silly saveTree │ │ │ ├─┬ array.prototype.flat@1.3.1
18 silly saveTree │ │ │ │ └── es-shim-unscopables@1.0.0
18 silly saveTree │ │ │ ├─┬ debug@2.6.9
18 silly saveTree │ │ │ │ └── ms@2.0.0
18 silly saveTree │ │ │ ├── doctrine@2.1.0
18 silly saveTree │ │ │ ├─┬ eslint-import-resolver-node@0.3.6
18 silly saveTree │ │ │ │ └── debug@3.2.7
18 silly saveTree │ │ │ ├─┬ eslint-module-utils@2.7.4
18 silly saveTree │ │ │ │ └── debug@3.2.7
18 silly saveTree │ │ │ └─┬ tsconfig-paths@3.14.1
18 silly saveTree │ │ │   ├── @types/json5@0.0.29
18 silly saveTree │ │ │   ├── json5@1.0.1
18 silly saveTree │ │ │   └── strip-bom@3.0.0
18 silly saveTree │ │ ├─┬ eslint-plugin-jest@25.7.0
18 silly saveTree │ │ │ └── @typescript-eslint/experimental-utils@5.43.0
18 silly saveTree │ │ ├─┬ eslint-plugin-jsx-a11y@6.6.1
18 silly saveTree │ │ │ ├─┬ aria-query@4.2.2
18 silly saveTree │ │ │ │ └── @babel/runtime-corejs3@7.20.1
18 silly saveTree │ │ │ ├── ast-types-flow@0.0.7
18 silly saveTree │ │ │ ├── axe-core@4.5.2
18 silly saveTree │ │ │ ├── axobject-query@2.2.0
18 silly saveTree │ │ │ ├── damerau-levenshtein@1.0.8
18 silly saveTree │ │ │ ├── emoji-regex@9.2.2
18 silly saveTree │ │ │ ├── jsx-ast-utils@3.3.3
18 silly saveTree │ │ │ ├─┬ language-tags@1.0.5
18 silly saveTree │ │ │ │ └── language-subtag-registry@0.3.22
18 silly saveTree │ │ │ └── semver@6.3.0
18 silly saveTree │ │ ├── eslint-plugin-react-hooks@4.6.0
18 silly saveTree │ │ ├─┬ eslint-plugin-react@7.31.10
18 silly saveTree │ │ │ ├── array.prototype.flatmap@1.3.1
18 silly saveTree │ │ │ ├── doctrine@2.1.0
18 silly saveTree │ │ │ ├── object.entries@1.1.6
18 silly saveTree │ │ │ ├── object.fromentries@2.0.6
18 silly saveTree │ │ │ ├── object.hasown@1.1.2
18 silly saveTree │ │ │ ├─┬ prop-types@15.8.1
18 silly saveTree │ │ │ │ ├── object-assign@4.1.1
18 silly saveTree │ │ │ │ └── react-is@16.13.1
18 silly saveTree │ │ │ ├── resolve@2.0.0-next.4
18 silly saveTree │ │ │ ├── semver@6.3.0
18 silly saveTree │ │ │ └── string.prototype.matchall@4.0.8
18 silly saveTree │ │ └── eslint-plugin-testing-library@5.9.1
18 silly saveTree │ ├─┬ eslint-webpack-plugin@3.2.0
18 silly saveTree │ │ ├─┬ @types/eslint@8.4.10
18 silly saveTree │ │ │ └── @types/estree@1.0.0
18 silly saveTree │ │ ├─┬ jest-worker@28.1.3
18 silly saveTree │ │ │ └─┬ supports-color@8.1.1
18 silly saveTree │ │ │   └── has-flag@4.0.0
18 silly saveTree │ │ └─┬ schema-utils@4.0.0
18 silly saveTree │ │   ├── ajv-keywords@5.1.0
18 silly saveTree │ │   └─┬ ajv@8.11.2
18 silly saveTree │ │     └── json-schema-traverse@1.0.0
18 silly saveTree │ ├─┬ eslint@8.27.0
18 silly saveTree │ │ ├─┬ @eslint/eslintrc@1.3.3
18 silly saveTree │ │ │ ├─┬ espree@9.4.1
18 silly saveTree │ │ │ │ ├── acorn-jsx@5.3.2
18 silly saveTree │ │ │ │ └── acorn@8.8.1
18 silly saveTree │ │ │ ├─┬ globals@13.18.0
18 silly saveTree │ │ │ │ └── type-fest@0.20.2
18 silly saveTree │ │ │ ├─┬ js-yaml@4.1.0
18 silly saveTree │ │ │ │ └── argparse@2.0.1
18 silly saveTree │ │ │ └── strip-json-comments@3.1.1
18 silly saveTree │ │ ├─┬ @humanwhocodes/config-array@0.11.7
18 silly saveTree │ │ │ └── @humanwhocodes/object-schema@1.2.1
18 silly saveTree │ │ ├── @humanwhocodes/module-importer@1.0.1
18 silly saveTree │ │ ├─┬ chalk@4.1.2
18 silly saveTree │ │ │ ├─┬ ansi-styles@4.3.0
18 silly saveTree │ │ │ │ └─┬ color-convert@2.0.1
18 silly saveTree │ │ │ │   └── color-name@1.1.4
18 silly saveTree │ │ │ └─┬ supports-color@7.2.0
18 silly saveTree │ │ │   └── has-flag@4.0.0
18 silly saveTree │ │ ├─┬ cross-spawn@7.0.3
18 silly saveTree │ │ │ ├── path-key@3.1.1
18 silly saveTree │ │ │ ├─┬ shebang-command@2.0.0
18 silly saveTree │ │ │ │ └── shebang-regex@3.0.0
18 silly saveTree │ │ │ └─┬ which@2.0.2
18 silly saveTree │ │ │   └── isexe@2.0.0
18 silly saveTree │ │ ├── doctrine@3.0.0
18 silly saveTree │ │ ├── escape-string-regexp@4.0.0
18 silly saveTree │ │ ├── eslint-scope@7.1.1
18 silly saveTree │ │ ├── espree@9.4.1
18 silly saveTree │ │ ├── esquery@1.4.0
18 silly saveTree │ │ ├─┬ file-entry-cache@6.0.1
18 silly saveTree │ │ │ └─┬ flat-cache@3.0.4
18 silly saveTree │ │ │   ├── flatted@3.2.7
18 silly saveTree │ │ │   └── rimraf@3.0.2
18 silly saveTree │ │ ├── glob-parent@6.0.2
18 silly saveTree │ │ ├── globals@13.18.0
18 silly saveTree │ │ ├── grapheme-splitter@1.0.4
18 silly saveTree │ │ ├── is-path-inside@3.0.3
18 silly saveTree │ │ ├── js-sdsl@4.1.5
18 silly saveTree │ │ ├─┬ js-yaml@4.1.0
18 silly saveTree │ │ │ └── argparse@2.0.1
18 silly saveTree │ │ ├── json-stable-stringify-without-jsonify@1.0.1
18 silly saveTree │ │ ├─┬ levn@0.4.1
18 silly saveTree │ │ │ ├── prelude-ls@1.2.1
18 silly saveTree │ │ │ └── type-check@0.4.0
18 silly saveTree │ │ ├── lodash.merge@4.6.2
18 silly saveTree │ │ ├── natural-compare@1.4.0
18 silly saveTree │ │ ├─┬ optionator@0.9.1
18 silly saveTree │ │ │ ├── deep-is@0.1.4
18 silly saveTree │ │ │ ├── fast-levenshtein@2.0.6
18 silly saveTree │ │ │ └── word-wrap@1.2.3
18 silly saveTree │ │ ├── strip-ansi@6.0.1
18 silly saveTree │ │ ├── strip-json-comments@3.1.1
18 silly saveTree │ │ └── text-table@0.2.0
18 silly saveTree │ ├── file-loader@6.2.0
18 silly saveTree │ ├─┬ fs-extra@10.1.0
18 silly saveTree │ │ ├─┬ jsonfile@6.1.0
18 silly saveTree │ │ │ └── universalify@2.0.0
18 silly saveTree │ │ └── universalify@2.0.0
18 silly saveTree │ ├── fsevents@2.3.2
18 silly saveTree │ ├─┬ html-webpack-plugin@5.5.0
18 silly saveTree │ │ ├── @types/html-minifier-terser@6.1.0
18 silly saveTree │ │ ├─┬ html-minifier-terser@6.1.0
18 silly saveTree │ │ │ ├─┬ camel-case@4.1.2
18 silly saveTree │ │ │ │ ├─┬ pascal-case@3.1.2
18 silly saveTree │ │ │ │ │ ├─┬ no-case@3.0.4
18 silly saveTree │ │ │ │ │ │ ├─┬ lower-case@2.0.2
18 silly saveTree │ │ │ │ │ │ │ └── tslib@2.4.1
18 silly saveTree │ │ │ │ │ │ └── tslib@2.4.1
18 silly saveTree │ │ │ │ │ └── tslib@2.4.1
18 silly saveTree │ │ │ │ └── tslib@2.4.1
18 silly saveTree │ │ │ ├─┬ clean-css@5.3.1
18 silly saveTree │ │ │ │ └── source-map@0.6.1
18 silly saveTree │ │ │ ├── commander@8.3.0
18 silly saveTree │ │ │ ├── he@1.2.0
18 silly saveTree │ │ │ ├─┬ param-case@3.0.4
18 silly saveTree │ │ │ │ ├─┬ dot-case@3.0.4
18 silly saveTree │ │ │ │ │ └── tslib@2.4.1
18 silly saveTree │ │ │ │ └── tslib@2.4.1
18 silly saveTree │ │ │ ├── relateurl@0.2.7
18 silly saveTree │ │ │ └─┬ terser@5.15.1
18 silly saveTree │ │ │   ├─┬ @jridgewell/source-map@0.3.2
18 silly saveTree │ │ │   │ └── @jridgewell/gen-mapping@0.3.2
18 silly saveTree │ │ │   ├── commander@2.20.3
18 silly saveTree │ │ │   └─┬ source-map-support@0.5.21
18 silly saveTree │ │ │     ├── buffer-from@1.1.2
18 silly saveTree │ │ │     └── source-map@0.6.1
18 silly saveTree │ │ ├─┬ pretty-error@4.0.0
18 silly saveTree │ │ │ └─┬ renderkid@3.0.0
18 silly saveTree │ │ │   ├─┬ css-select@4.3.0
18 silly saveTree │ │ │   │ ├── css-what@6.1.0
18 silly saveTree │ │ │   │ ├─┬ domutils@2.8.0
18 silly saveTree │ │ │   │ │ ├─┬ dom-serializer@1.4.1
18 silly saveTree │ │ │   │ │ │ └── domelementtype@2.3.0
18 silly saveTree │ │ │   │ │ └── domelementtype@2.3.0
18 silly saveTree │ │ │   │ └── nth-check@2.1.1
18 silly saveTree │ │ │   ├─┬ dom-converter@0.2.0
18 silly saveTree │ │ │   │ └── utila@0.4.0
18 silly saveTree │ │ │   └─┬ htmlparser2@6.1.0
18 silly saveTree │ │ │     ├── domelementtype@2.3.0
18 silly saveTree │ │ │     └─┬ domutils@2.8.0
18 silly saveTree │ │ │       └── dom-serializer@1.4.1
18 silly saveTree │ │ └── tapable@2.2.1
18 silly saveTree │ ├─┬ identity-obj-proxy@3.0.0
18 silly saveTree │ │ └── harmony-reflect@1.6.2
18 silly saveTree │ ├─┬ jest-resolve@27.5.1
18 silly saveTree │ │ ├─┬ chalk@4.1.2
18 silly saveTree │ │ │ ├─┬ ansi-styles@4.3.0
18 silly saveTree │ │ │ │ └─┬ color-convert@2.0.1
18 silly saveTree │ │ │ │   └── color-name@1.1.4
18 silly saveTree │ │ │ └─┬ supports-color@7.2.0
18 silly saveTree │ │ │   └── has-flag@4.0.0
18 silly saveTree │ │ ├── jest-pnp-resolver@1.2.3
18 silly saveTree │ │ ├─┬ jest-validate@27.5.1
18 silly saveTree │ │ │ ├─┬ chalk@4.1.2
18 silly saveTree │ │ │ │ ├─┬ ansi-styles@4.3.0
18 silly saveTree │ │ │ │ │ └─┬ color-convert@2.0.1
18 silly saveTree │ │ │ │ │   └── color-name@1.1.4
18 silly saveTree │ │ │ │ └─┬ supports-color@7.2.0
18 silly saveTree │ │ │ │   └── has-flag@4.0.0
18 silly saveTree │ │ │ ├── jest-get-type@27.5.1
18 silly saveTree │ │ │ └── leven@3.1.0
18 silly saveTree │ │ └── resolve.exports@1.1.0
18 silly saveTree │ ├─┬ jest-watch-typeahead@1.1.0
18 silly saveTree │ │ ├─┬ ansi-escapes@4.3.2
18 silly saveTree │ │ │ └── type-fest@0.21.3
18 silly saveTree │ │ ├─┬ chalk@4.1.2
18 silly saveTree │ │ │ ├─┬ ansi-styles@4.3.0
18 silly saveTree │ │ │ │ └─┬ color-convert@2.0.1
18 silly saveTree │ │ │ │   └── color-name@1.1.4
18 silly saveTree │ │ │ └─┬ supports-color@7.2.0
18 silly saveTree │ │ │   └── has-flag@4.0.0
18 silly saveTree │ │ ├── jest-regex-util@28.0.2
18 silly saveTree │ │ ├─┬ jest-watcher@28.1.3
18 silly saveTree │ │ │ ├─┬ @jest/test-result@28.1.3
18 silly saveTree │ │ │ │ ├─┬ @jest/console@28.1.3
18 silly saveTree │ │ │ │ │ ├─┬ @jest/types@28.1.3
18 silly saveTree │ │ │ │ │ │ ├── @jest/schemas@28.1.3
18 silly saveTree │ │ │ │ │ │ └── @types/yargs@17.0.13
18 silly saveTree │ │ │ │ │ ├─┬ jest-message-util@28.1.3
18 silly saveTree │ │ │ │ │ │ ├─┬ pretty-format@28.1.3
18 silly saveTree │ │ │ │ │ │ │ ├── ansi-styles@5.2.0
18 silly saveTree │ │ │ │ │ │ │ └── react-is@18.2.0
18 silly saveTree │ │ │ │ │ │ └── slash@3.0.0
18 silly saveTree │ │ │ │ │ ├── jest-util@28.1.3
18 silly saveTree │ │ │ │ │ └── slash@3.0.0
18 silly saveTree │ │ │ │ ├── @jest/types@28.1.3
18 silly saveTree │ │ │ │ └── collect-v8-coverage@1.0.1
18 silly saveTree │ │ │ ├── @jest/types@28.1.3
18 silly saveTree │ │ │ ├── emittery@0.10.2
18 silly saveTree │ │ │ ├── jest-util@28.1.3
18 silly saveTree │ │ │ └─┬ string-length@4.0.2
18 silly saveTree │ │ │   ├── char-regex@1.0.2
18 silly saveTree │ │ │   └── strip-ansi@6.0.1
18 silly saveTree │ │ ├── slash@4.0.0
18 silly saveTree │ │ ├─┬ string-length@5.0.1
18 silly saveTree │ │ │ ├── char-regex@2.0.1
18 silly saveTree │ │ │ └─┬ strip-ansi@7.0.1
18 silly saveTree │ │ │   └── ansi-regex@6.0.1
18 silly saveTree │ │ └── strip-ansi@7.0.1
18 silly saveTree │ ├─┬ jest@27.5.1
18 silly saveTree │ │ ├─┬ @jest/core@27.5.1
18 silly saveTree │ │ │ ├─┬ @jest/console@27.5.1
18 silly saveTree │ │ │ │ ├─┬ chalk@4.1.2
18 silly saveTree │ │ │ │ │ ├─┬ ansi-styles@4.3.0
18 silly saveTree │ │ │ │ │ │ └─┬ color-convert@2.0.1
18 silly saveTree │ │ │ │ │ │   └── color-name@1.1.4
18 silly saveTree │ │ │ │ │ └─┬ supports-color@7.2.0
18 silly saveTree │ │ │ │ │   └── has-flag@4.0.0
18 silly saveTree │ │ │ │ └─┬ jest-message-util@27.5.1
18 silly saveTree │ │ │ │   └─┬ chalk@4.1.2
18 silly saveTree │ │ │ │     ├─┬ ansi-styles@4.3.0
18 silly saveTree │ │ │ │     │ └─┬ color-convert@2.0.1
18 silly saveTree │ │ │ │     │   └── color-name@1.1.4
18 silly saveTree │ │ │ │     └─┬ supports-color@7.2.0
18 silly saveTree │ │ │ │       └── has-flag@4.0.0
18 silly saveTree │ │ │ ├─┬ @jest/reporters@27.5.1
18 silly saveTree │ │ │ │ ├── @bcoe/v8-coverage@0.2.3
18 silly saveTree │ │ │ │ ├── @jest/test-result@27.5.1
18 silly saveTree │ │ │ │ ├─┬ chalk@4.1.2
18 silly saveTree │ │ │ │ │ ├─┬ ansi-styles@4.3.0
18 silly saveTree │ │ │ │ │ │ └─┬ color-convert@2.0.1
18 silly saveTree │ │ │ │ │ │   └── color-name@1.1.4
18 silly saveTree │ │ │ │ │ └─┬ supports-color@7.2.0
18 silly saveTree │ │ │ │ │   └── has-flag@4.0.0
18 silly saveTree │ │ │ │ ├── exit@0.1.2
18 silly saveTree │ │ │ │ ├─┬ istanbul-lib-report@3.0.0
18 silly saveTree │ │ │ │ │ └─┬ supports-color@7.2.0
18 silly saveTree │ │ │ │ │   └── has-flag@4.0.0
18 silly saveTree │ │ │ │ ├─┬ istanbul-lib-source-maps@4.0.1
18 silly saveTree │ │ │ │ │ └── source-map@0.6.1
18 silly saveTree │ │ │ │ ├─┬ istanbul-reports@3.1.5
18 silly saveTree │ │ │ │ │ └── html-escaper@2.0.2
18 silly saveTree │ │ │ │ ├── source-map@0.6.1
18 silly saveTree │ │ │ │ ├── string-length@4.0.2
18 silly saveTree │ │ │ │ ├─┬ terminal-link@2.1.1
18 silly saveTree │ │ │ │ │ └─┬ supports-hyperlinks@2.3.0
18 silly saveTree │ │ │ │ │   ├── has-flag@4.0.0
18 silly saveTree │ │ │ │ │   └── supports-color@7.2.0
18 silly saveTree │ │ │ │ └── v8-to-istanbul@8.1.1
18 silly saveTree │ │ │ ├── @jest/test-result@27.5.1
18 silly saveTree │ │ │ ├─┬ chalk@4.1.2
18 silly saveTree │ │ │ │ ├─┬ ansi-styles@4.3.0
18 silly saveTree │ │ │ │ │ └─┬ color-convert@2.0.1
18 silly saveTree │ │ │ │ │   └── color-name@1.1.4
18 silly saveTree │ │ │ │ └─┬ supports-color@7.2.0
18 silly saveTree │ │ │ │   └── has-flag@4.0.0
18 silly saveTree │ │ │ ├── emittery@0.8.1
18 silly saveTree │ │ │ ├── exit@0.1.2
18 silly saveTree │ │ │ ├─┬ jest-changed-files@27.5.1
18 silly saveTree │ │ │ │ ├─┬ execa@5.1.1
18 silly saveTree │ │ │ │ │ ├── get-stream@6.0.1
18 silly saveTree │ │ │ │ │ ├── human-signals@2.1.0
18 silly saveTree │ │ │ │ │ ├── is-stream@2.0.1
18 silly saveTree │ │ │ │ │ ├── npm-run-path@4.0.1
18 silly saveTree │ │ │ │ │ ├─┬ onetime@5.1.2
18 silly saveTree │ │ │ │ │ │ └── mimic-fn@2.1.0
18 silly saveTree │ │ │ │ │ └── strip-final-newline@2.0.0
18 silly saveTree │ │ │ │ └── throat@6.0.1
18 silly saveTree │ │ │ ├─┬ jest-config@27.5.1
18 silly saveTree │ │ │ │ ├─┬ @jest/test-sequencer@27.5.1
18 silly saveTree │ │ │ │ │ └─┬ jest-runtime@27.5.1
18 silly saveTree │ │ │ │ │   ├─┬ @jest/environment@27.5.1
18 silly saveTree │ │ │ │ │   │ ├─┬ @jest/fake-timers@27.5.1
18 silly saveTree │ │ │ │ │   │ │ ├─┬ @sinonjs/fake-timers@8.1.0
18 silly saveTree │ │ │ │ │   │ │ │ └─┬ @sinonjs/commons@1.8.5
18 silly saveTree │ │ │ │ │   │ │ │   └── type-detect@4.0.8
18 silly saveTree │ │ │ │ │   │ │ └── jest-mock@27.5.1
18 silly saveTree │ │ │ │ │   │ └── jest-mock@27.5.1
18 silly saveTree │ │ │ │ │   ├── @jest/fake-timers@27.5.1
18 silly saveTree │ │ │ │ │   ├─┬ @jest/globals@27.5.1
18 silly saveTree │ │ │ │ │   │ └─┬ expect@27.5.1
18 silly saveTree │ │ │ │ │   │   └─┬ jest-matcher-utils@27.5.1
18 silly saveTree │ │ │ │ │   │     ├─┬ chalk@4.1.2
18 silly saveTree │ │ │ │ │   │     │ ├─┬ ansi-styles@4.3.0
18 silly saveTree │ │ │ │ │   │     │ │ └─┬ color-convert@2.0.1
18 silly saveTree │ │ │ │ │   │     │ │   └── color-name@1.1.4
18 silly saveTree │ │ │ │ │   │     │ └─┬ supports-color@7.2.0
18 silly saveTree │ │ │ │ │   │     │   └── has-flag@4.0.0
18 silly saveTree │ │ │ │ │   │     └─┬ jest-diff@27.5.1
18 silly saveTree │ │ │ │ │   │       ├─┬ chalk@4.1.2
18 silly saveTree │ │ │ │ │   │       │ ├─┬ ansi-styles@4.3.0
18 silly saveTree │ │ │ │ │   │       │ │ └─┬ color-convert@2.0.1
18 silly saveTree │ │ │ │ │   │       │ │   └── color-name@1.1.4
18 silly saveTree │ │ │ │ │   │       │ └─┬ supports-color@7.2.0
18 silly saveTree │ │ │ │ │   │       │   └── has-flag@4.0.0
18 silly saveTree │ │ │ │ │   │       └── diff-sequences@27.5.1
18 silly saveTree │ │ │ │ │   ├─┬ @jest/source-map@27.5.1
18 silly saveTree │ │ │ │ │   │ └── source-map@0.6.1
18 silly saveTree │ │ │ │ │   ├─┬ chalk@4.1.2
18 silly saveTree │ │ │ │ │   │ ├─┬ ansi-styles@4.3.0
18 silly saveTree │ │ │ │ │   │ │ └─┬ color-convert@2.0.1
18 silly saveTree │ │ │ │ │   │ │   └── color-name@1.1.4
18 silly saveTree │ │ │ │ │   │ └─┬ supports-color@7.2.0
18 silly saveTree │ │ │ │ │   │   └── has-flag@4.0.0
18 silly saveTree │ │ │ │ │   ├── cjs-module-lexer@1.2.2
18 silly saveTree │ │ │ │ │   ├── jest-mock@27.5.1
18 silly saveTree │ │ │ │ │   ├─┬ jest-snapshot@27.5.1
18 silly saveTree │ │ │ │ │   │ ├── @types/prettier@2.7.1
18 silly saveTree │ │ │ │ │   │ └─┬ chalk@4.1.2
18 silly saveTree │ │ │ │ │   │   ├─┬ ansi-styles@4.3.0
18 silly saveTree │ │ │ │ │   │   │ └─┬ color-convert@2.0.1
18 silly saveTree │ │ │ │ │   │   │   └── color-name@1.1.4
18 silly saveTree │ │ │ │ │   │   └─┬ supports-color@7.2.0
18 silly saveTree │ │ │ │ │   │     └── has-flag@4.0.0
18 silly saveTree │ │ │ │ │   └── strip-bom@4.0.0
18 silly saveTree │ │ │ │ ├─┬ chalk@4.1.2
18 silly saveTree │ │ │ │ │ ├─┬ ansi-styles@4.3.0
18 silly saveTree │ │ │ │ │ │ └─┬ color-convert@2.0.1
18 silly saveTree │ │ │ │ │ │   └── color-name@1.1.4
18 silly saveTree │ │ │ │ │ └─┬ supports-color@7.2.0
18 silly saveTree │ │ │ │ │   └── has-flag@4.0.0
18 silly saveTree │ │ │ │ ├─┬ jest-circus@27.5.1
18 silly saveTree │ │ │ │ │ ├─┬ chalk@4.1.2
18 silly saveTree │ │ │ │ │ │ ├─┬ ansi-styles@4.3.0
18 silly saveTree │ │ │ │ │ │ │ └─┬ color-convert@2.0.1
18 silly saveTree │ │ │ │ │ │ │   └── color-name@1.1.4
18 silly saveTree │ │ │ │ │ │ └─┬ supports-color@7.2.0
18 silly saveTree │ │ │ │ │ │   └── has-flag@4.0.0
18 silly saveTree │ │ │ │ │ ├── co@4.6.0
18 silly saveTree │ │ │ │ │ ├── dedent@0.7.0
18 silly saveTree │ │ │ │ │ ├── is-generator-fn@2.1.0
18 silly saveTree │ │ │ │ │ └─┬ jest-each@27.5.1
18 silly saveTree │ │ │ │ │   └─┬ chalk@4.1.2
18 silly saveTree │ │ │ │ │     ├─┬ ansi-styles@4.3.0
18 silly saveTree │ │ │ │ │     │ └─┬ color-convert@2.0.1
18 silly saveTree │ │ │ │ │     │   └── color-name@1.1.4
18 silly saveTree │ │ │ │ │     └─┬ supports-color@7.2.0
18 silly saveTree │ │ │ │ │       └── has-flag@4.0.0
18 silly saveTree │ │ │ │ ├─┬ jest-environment-jsdom@27.5.1
18 silly saveTree │ │ │ │ │ └─┬ jsdom@16.7.0
18 silly saveTree │ │ │ │ │   ├── abab@2.0.6
18 silly saveTree │ │ │ │ │   ├─┬ acorn-globals@6.0.0
18 silly saveTree │ │ │ │ │   │ ├── acorn-walk@7.2.0
18 silly saveTree │ │ │ │ │   │ └── acorn@7.4.1
18 silly saveTree │ │ │ │ │   ├── cssom@0.4.4
18 silly saveTree │ │ │ │ │   ├─┬ cssstyle@2.3.0
18 silly saveTree │ │ │ │ │   │ └── cssom@0.3.8
18 silly saveTree │ │ │ │ │   ├─┬ data-urls@2.0.0
18 silly saveTree │ │ │ │ │   │ ├── whatwg-mimetype@2.3.0
18 silly saveTree │ │ │ │ │   │ └─┬ whatwg-url@8.7.0
18 silly saveTree │ │ │ │ │   │   ├── tr46@2.1.0
18 silly saveTree │ │ │ │ │   │   └── webidl-conversions@6.1.0
18 silly saveTree │ │ │ │ │   ├── decimal.js@10.4.2
18 silly saveTree │ │ │ │ │   ├─┬ domexception@2.0.1
18 silly saveTree │ │ │ │ │   │ └── webidl-conversions@5.0.0
18 silly saveTree │ │ │ │ │   ├─┬ escodegen@2.0.0
18 silly saveTree │ │ │ │ │   │ ├─┬ optionator@0.8.3
18 silly saveTree │ │ │ │ │   │ │ ├─┬ levn@0.3.0
18 silly saveTree │ │ │ │ │   │ │ │ ├── prelude-ls@1.1.2
18 silly saveTree │ │ │ │ │   │ │ │ └── type-check@0.3.2
18 silly saveTree │ │ │ │ │   │ │ ├── prelude-ls@1.1.2
18 silly saveTree │ │ │ │ │   │ │ └── type-check@0.3.2
18 silly saveTree │ │ │ │ │   │ └── source-map@0.6.1
18 silly saveTree │ │ │ │ │   ├─┬ form-data@3.0.1
18 silly saveTree │ │ │ │ │   │ ├── asynckit@0.4.0
18 silly saveTree │ │ │ │ │   │ ├─┬ combined-stream@1.0.8
18 silly saveTree │ │ │ │ │   │ │ └── delayed-stream@1.0.0
18 silly saveTree │ │ │ │ │   │ └─┬ mime-types@2.1.35
18 silly saveTree │ │ │ │ │   │   └── mime-db@1.52.0
18 silly saveTree │ │ │ │ │   ├─┬ html-encoding-sniffer@2.0.1
18 silly saveTree │ │ │ │ │   │ └─┬ whatwg-encoding@1.0.5
18 silly saveTree │ │ │ │ │   │   └─┬ iconv-lite@0.4.24
18 silly saveTree │ │ │ │ │   │     └── safer-buffer@2.1.2
18 silly saveTree │ │ │ │ │   ├─┬ http-proxy-agent@4.0.1
18 silly saveTree │ │ │ │ │   │ ├── @tootallnate/once@1.1.2
18 silly saveTree │ │ │ │ │   │ └── agent-base@6.0.2
18 silly saveTree │ │ │ │ │   ├── https-proxy-agent@5.0.1
18 silly saveTree │ │ │ │ │   ├── is-potential-custom-element-name@1.0.1
18 silly saveTree │ │ │ │ │   ├── nwsapi@2.2.2
18 silly saveTree │ │ │ │ │   ├── parse5@6.0.1
18 silly saveTree │ │ │ │ │   ├─┬ saxes@5.0.1
18 silly saveTree │ │ │ │ │   │ └── xmlchars@2.2.0
18 silly saveTree │ │ │ │ │   ├── symbol-tree@3.2.4
18 silly saveTree │ │ │ │ │   ├─┬ tough-cookie@4.1.2
18 silly saveTree │ │ │ │ │   │ ├── psl@1.9.0
18 silly saveTree │ │ │ │ │   │ ├── universalify@0.2.0
18 silly saveTree │ │ │ │ │   │ └─┬ url-parse@1.5.10
18 silly saveTree │ │ │ │ │   │   ├── querystringify@2.2.0
18 silly saveTree │ │ │ │ │   │   └── requires-port@1.0.0
18 silly saveTree │ │ │ │ │   ├─┬ w3c-hr-time@1.0.2
18 silly saveTree │ │ │ │ │   │ └── browser-process-hrtime@1.0.0
18 silly saveTree │ │ │ │ │   ├─┬ w3c-xmlserializer@2.0.0
18 silly saveTree │ │ │ │ │   │ └── xml-name-validator@3.0.0
18 silly saveTree │ │ │ │ │   ├── webidl-conversions@6.1.0
18 silly saveTree │ │ │ │ │   ├── whatwg-encoding@1.0.5
18 silly saveTree │ │ │ │ │   ├── whatwg-mimetype@2.3.0
18 silly saveTree │ │ │ │ │   ├── whatwg-url@8.7.0
18 silly saveTree │ │ │ │ │   ├── ws@7.5.9
18 silly saveTree │ │ │ │ │   └── xml-name-validator@3.0.0
18 silly saveTree │ │ │ │ ├── jest-environment-node@27.5.1
18 silly saveTree │ │ │ │ ├─┬ jest-jasmine2@27.5.1
18 silly saveTree │ │ │ │ │ └─┬ chalk@4.1.2
18 silly saveTree │ │ │ │ │   ├─┬ ansi-styles@4.3.0
18 silly saveTree │ │ │ │ │   │ └─┬ color-convert@2.0.1
18 silly saveTree │ │ │ │ │   │   └── color-name@1.1.4
18 silly saveTree │ │ │ │ │   └─┬ supports-color@7.2.0
18 silly saveTree │ │ │ │ │     └── has-flag@4.0.0
18 silly saveTree │ │ │ │ └─┬ jest-runner@27.5.1
18 silly saveTree │ │ │ │   ├─┬ chalk@4.1.2
18 silly saveTree │ │ │ │   │ ├─┬ ansi-styles@4.3.0
18 silly saveTree │ │ │ │   │ │ └─┬ color-convert@2.0.1
18 silly saveTree │ │ │ │   │ │   └── color-name@1.1.4
18 silly saveTree │ │ │ │   │ └─┬ supports-color@7.2.0
18 silly saveTree │ │ │ │   │   └── has-flag@4.0.0
18 silly saveTree │ │ │ │   ├─┬ jest-docblock@27.5.1
18 silly saveTree │ │ │ │   │ └── detect-newline@3.1.0
18 silly saveTree │ │ │ │   └── jest-leak-detector@27.5.1
18 silly saveTree │ │ │ ├── jest-message-util@27.5.1
18 silly saveTree │ │ │ ├── jest-resolve-dependencies@27.5.1
18 silly saveTree │ │ │ ├── jest-runner@27.5.1
18 silly saveTree │ │ │ ├── jest-runtime@27.5.1
18 silly saveTree │ │ │ ├── jest-snapshot@27.5.1
18 silly saveTree │ │ │ └─┬ jest-watcher@27.5.1
18 silly saveTree │ │ │   └─┬ chalk@4.1.2
18 silly saveTree │ │ │     ├─┬ ansi-styles@4.3.0
18 silly saveTree │ │ │     │ └─┬ color-convert@2.0.1
18 silly saveTree │ │ │     │   └── color-name@1.1.4
18 silly saveTree │ │ │     └─┬ supports-color@7.2.0
18 silly saveTree │ │ │       └── has-flag@4.0.0
18 silly saveTree │ │ ├─┬ import-local@3.1.0
18 silly saveTree │ │ │ └─┬ resolve-cwd@3.0.0
18 silly saveTree │ │ │   └── resolve-from@5.0.0
18 silly saveTree │ │ └─┬ jest-cli@27.5.1
18 silly saveTree │ │   ├─┬ chalk@4.1.2
18 silly saveTree │ │   │ ├─┬ ansi-styles@4.3.0
18 silly saveTree │ │   │ │ └─┬ color-convert@2.0.1
18 silly saveTree │ │   │ │   └── color-name@1.1.4
18 silly saveTree │ │   │ └─┬ supports-color@7.2.0
18 silly saveTree │ │   │   └── has-flag@4.0.0
18 silly saveTree │ │   ├─┬ prompts@2.4.2
18 silly saveTree │ │   │ ├── kleur@3.0.3
18 silly saveTree │ │   │ └── sisteransi@1.0.5
18 silly saveTree │ │   └─┬ yargs@16.2.0
18 silly saveTree │ │     ├─┬ cliui@7.0.4
18 silly saveTree │ │     │ ├─┬ string-width@4.2.3
18 silly saveTree │ │     │ │ ├── emoji-regex@8.0.0
18 silly saveTree │ │     │ │ └── is-fullwidth-code-point@3.0.0
18 silly saveTree │ │     │ └─┬ wrap-ansi@7.0.0
18 silly saveTree │ │     │   └─┬ ansi-styles@4.3.0
18 silly saveTree │ │     │     └─┬ color-convert@2.0.1
18 silly saveTree │ │     │       └── color-name@1.1.4
18 silly saveTree │ │     ├── get-caller-file@2.0.5
18 silly saveTree │ │     ├── require-directory@2.1.1
18 silly saveTree │ │     ├── string-width@4.2.3
18 silly saveTree │ │     ├── y18n@5.0.8
18 silly saveTree │ │     └── yargs-parser@20.2.9
18 silly saveTree │ ├─┬ mini-css-extract-plugin@2.7.0
18 silly saveTree │ │ └─┬ schema-utils@4.0.0
18 silly saveTree │ │   ├── ajv-keywords@5.1.0
18 silly saveTree │ │   └─┬ ajv@8.11.2
18 silly saveTree │ │     └── json-schema-traverse@1.0.0
18 silly saveTree │ ├── postcss-flexbugs-fixes@5.0.2
18 silly saveTree │ ├─┬ postcss-loader@6.2.1
18 silly saveTree │ │ └── klona@2.0.5
18 silly saveTree │ ├─┬ postcss-normalize@10.0.1
18 silly saveTree │ │ ├── @csstools/normalize.css@12.0.0
18 silly saveTree │ │ ├── postcss-browser-comments@4.0.0
18 silly saveTree │ │ └── sanitize.css@13.0.0
18 silly saveTree │ ├─┬ postcss-preset-env@7.8.3
18 silly saveTree │ │ ├─┬ @csstools/postcss-cascade-layers@1.1.1
18 silly saveTree │ │ │ └── @csstools/selector-specificity@2.0.2
18 silly saveTree │ │ ├─┬ @csstools/postcss-color-function@1.1.1
18 silly saveTree │ │ │ └── @csstools/postcss-progressive-custom-properties@1.3.0
18 silly saveTree │ │ ├── @csstools/postcss-font-format-keywords@1.0.1
18 silly saveTree │ │ ├── @csstools/postcss-hwb-function@1.0.2
18 silly saveTree │ │ ├── @csstools/postcss-ic-unit@1.0.1
18 silly saveTree │ │ ├── @csstools/postcss-is-pseudo-class@2.0.7
18 silly saveTree │ │ ├── @csstools/postcss-nested-calc@1.0.0
18 silly saveTree │ │ ├── @csstools/postcss-normalize-display-values@1.0.1
18 silly saveTree │ │ ├── @csstools/postcss-oklab-function@1.1.1
18 silly saveTree │ │ ├── @csstools/postcss-progressive-custom-properties@1.3.0
18 silly saveTree │ │ ├── @csstools/postcss-stepped-value-functions@1.0.1
18 silly saveTree │ │ ├── @csstools/postcss-text-decoration-shorthand@1.0.0
18 silly saveTree │ │ ├── @csstools/postcss-trigonometric-functions@1.0.2
18 silly saveTree │ │ ├── @csstools/postcss-unset-value@1.0.2
18 silly saveTree │ │ ├─┬ autoprefixer@10.4.13
18 silly saveTree │ │ │ ├── fraction.js@4.2.0
18 silly saveTree │ │ │ └── normalize-range@0.1.2
18 silly saveTree │ │ ├── css-blank-pseudo@3.0.3
18 silly saveTree │ │ ├── css-has-pseudo@3.0.4
18 silly saveTree │ │ ├── css-prefers-color-scheme@6.0.3
18 silly saveTree │ │ ├── cssdb@7.1.0
18 silly saveTree │ │ ├── postcss-attribute-case-insensitive@5.0.2
18 silly saveTree │ │ ├── postcss-clamp@4.1.0
18 silly saveTree │ │ ├── postcss-color-functional-notation@4.2.4
18 silly saveTree │ │ ├── postcss-color-hex-alpha@8.0.4
18 silly saveTree │ │ ├── postcss-color-rebeccapurple@7.1.1
18 silly saveTree │ │ ├── postcss-custom-media@8.0.2
18 silly saveTree │ │ ├── postcss-custom-properties@12.1.10
18 silly saveTree │ │ ├── postcss-custom-selectors@6.0.3
18 silly saveTree │ │ ├── postcss-dir-pseudo-class@6.0.5
18 silly saveTree │ │ ├── postcss-double-position-gradients@3.1.2
18 silly saveTree │ │ ├── postcss-env-function@4.0.6
18 silly saveTree │ │ ├── postcss-focus-visible@6.0.4
18 silly saveTree │ │ ├── postcss-focus-within@5.0.4
18 silly saveTree │ │ ├── postcss-font-variant@5.0.0
18 silly saveTree │ │ ├── postcss-gap-properties@3.0.5
18 silly saveTree │ │ ├── postcss-image-set-function@4.0.7
18 silly saveTree │ │ ├── postcss-initial@4.0.1
18 silly saveTree │ │ ├── postcss-lab-function@4.2.1
18 silly saveTree │ │ ├── postcss-logical@5.0.4
18 silly saveTree │ │ ├── postcss-media-minmax@5.0.0
18 silly saveTree │ │ ├── postcss-nesting@10.2.0
18 silly saveTree │ │ ├── postcss-opacity-percentage@1.1.2
18 silly saveTree │ │ ├── postcss-overflow-shorthand@3.0.4
18 silly saveTree │ │ ├── postcss-page-break@3.0.4
18 silly saveTree │ │ ├── postcss-place@7.0.5
18 silly saveTree │ │ ├── postcss-pseudo-class-any-link@7.1.6
18 silly saveTree │ │ ├── postcss-replace-overflow-wrap@4.0.0
18 silly saveTree │ │ └── postcss-selector-not@6.0.1
18 silly saveTree │ ├── postcss@8.4.19
18 silly saveTree │ ├── prompts@2.4.2
18 silly saveTree │ ├─┬ react-app-polyfill@3.0.0
18 silly saveTree │ │ ├── core-js@3.26.1
18 silly saveTree │ │ ├─┬ promise@8.3.0
18 silly saveTree │ │ │ └── asap@2.0.6
18 silly saveTree │ │ ├─┬ raf@3.4.1
18 silly saveTree │ │ │ └── performance-now@2.1.0
18 silly saveTree │ │ └── whatwg-fetch@3.6.2
18 silly saveTree │ ├─┬ react-dev-utils@12.0.1
18 silly saveTree │ │ ├── address@1.2.1
18 silly saveTree │ │ ├─┬ chalk@4.1.2
18 silly saveTree │ │ │ ├─┬ ansi-styles@4.3.0
18 silly saveTree │ │ │ │ └─┬ color-convert@2.0.1
18 silly saveTree │ │ │ │   └── color-name@1.1.4
18 silly saveTree │ │ │ └─┬ supports-color@7.2.0
18 silly saveTree │ │ │   └── has-flag@4.0.0
18 silly saveTree │ │ ├─┬ detect-port-alt@1.1.6
18 silly saveTree │ │ │ └─┬ debug@2.6.9
18 silly saveTree │ │ │   └── ms@2.0.0
18 silly saveTree │ │ ├── escape-string-regexp@4.0.0
18 silly saveTree │ │ ├── filesize@8.0.7
18 silly saveTree │ │ ├─┬ fork-ts-checker-webpack-plugin@6.5.2
18 silly saveTree │ │ │ ├─┬ chalk@4.1.2
18 silly saveTree │ │ │ │ ├─┬ ansi-styles@4.3.0
18 silly saveTree │ │ │ │ │ └─┬ color-convert@2.0.1
18 silly saveTree │ │ │ │ │   └── color-name@1.1.4
18 silly saveTree │ │ │ │ └─┬ supports-color@7.2.0
18 silly saveTree │ │ │ │   └── has-flag@4.0.0
18 silly saveTree │ │ │ ├─┬ chokidar@3.5.3
18 silly saveTree │ │ │ │ ├── glob-parent@5.1.2
18 silly saveTree │ │ │ │ ├─┬ is-binary-path@2.1.0
18 silly saveTree │ │ │ │ │ └── binary-extensions@2.2.0
18 silly saveTree │ │ │ │ └── readdirp@3.6.0
18 silly saveTree │ │ │ ├── cosmiconfig@6.0.0
18 silly saveTree │ │ │ ├─┬ fs-extra@9.1.0
18 silly saveTree │ │ │ │ └── at-least-node@1.0.0
18 silly saveTree │ │ │ ├─┬ memfs@3.4.11
18 silly saveTree │ │ │ │ └── fs-monkey@1.0.3
18 silly saveTree │ │ │ ├── schema-utils@2.7.0
18 silly saveTree │ │ │ └── tapable@1.1.3
18 silly saveTree │ │ ├─┬ global-modules@2.0.0
18 silly saveTree │ │ │ └─┬ global-prefix@3.0.0
18 silly saveTree │ │ │   ├── ini@1.3.8
18 silly saveTree │ │ │   ├── kind-of@6.0.3
18 silly saveTree │ │ │   └── which@1.3.1
18 silly saveTree │ │ ├─┬ gzip-size@6.0.0
18 silly saveTree │ │ │ └── duplexer@0.1.2
18 silly saveTree │ │ ├── immer@9.0.16
18 silly saveTree │ │ ├── is-root@2.1.0
18 silly saveTree │ │ ├── loader-utils@3.2.1
18 silly saveTree │ │ ├─┬ open@8.4.0
18 silly saveTree │ │ │ ├── define-lazy-prop@2.0.0
18 silly saveTree │ │ │ ├── is-docker@2.2.1
18 silly saveTree │ │ │ └── is-wsl@2.2.0
18 silly saveTree │ │ ├─┬ pkg-up@3.1.0
18 silly saveTree │ │ │ └─┬ find-up@3.0.0
18 silly saveTree │ │ │   └─┬ locate-path@3.0.0
18 silly saveTree │ │ │     ├─┬ p-locate@3.0.0
18 silly saveTree │ │ │     │ └── p-limit@2.3.0
18 silly saveTree │ │ │     └── path-exists@3.0.0
18 silly saveTree │ │ ├── react-error-overlay@6.0.11
18 silly saveTree │ │ ├── recursive-readdir@2.2.3
18 silly saveTree │ │ └── shell-quote@1.7.4
18 silly saveTree │ ├── react-refresh@0.11.0
18 silly saveTree │ ├─┬ resolve-url-loader@4.0.0
18 silly saveTree │ │ ├─┬ adjust-sourcemap-loader@4.0.0
18 silly saveTree │ │ │ └── regex-parser@2.2.11
18 silly saveTree │ │ ├─┬ postcss@7.0.39
18 silly saveTree │ │ │ ├── picocolors@0.2.1
18 silly saveTree │ │ │ └── source-map@0.6.1
18 silly saveTree │ │ └── source-map@0.6.1
18 silly saveTree │ ├── resolve@1.22.1
18 silly saveTree │ ├─┬ sass-loader@12.6.0
18 silly saveTree │ │ └── neo-async@2.6.2
18 silly saveTree │ ├── semver@7.3.8
18 silly saveTree │ ├─┬ source-map-loader@3.0.2
18 silly saveTree │ │ └── iconv-lite@0.6.3
18 silly saveTree │ ├── style-loader@3.3.1
18 silly saveTree │ ├─┬ tailwindcss@3.2.4
18 silly saveTree │ │ ├── arg@5.0.2
18 silly saveTree │ │ ├── color-name@1.1.4
18 silly saveTree │ │ ├─┬ detective@5.2.1
18 silly saveTree │ │ │ ├─┬ acorn-node@1.8.2
18 silly saveTree │ │ │ │ ├── acorn@7.4.1
18 silly saveTree │ │ │ │ └── xtend@4.0.2
18 silly saveTree │ │ │ └── defined@1.0.1
18 silly saveTree │ │ ├── didyoumean@1.2.2
18 silly saveTree │ │ ├── dlv@1.1.3
18 silly saveTree │ │ ├── object-hash@3.0.0
18 silly saveTree │ │ ├─┬ postcss-import@14.1.0
18 silly saveTree │ │ │ └─┬ read-cache@1.0.0
18 silly saveTree │ │ │   └── pify@2.3.0
18 silly saveTree │ │ ├─┬ postcss-js@4.0.0
18 silly saveTree │ │ │ └── camelcase-css@2.0.1
18 silly saveTree │ │ ├── postcss-load-config@3.1.4
18 silly saveTree │ │ ├── postcss-nested@6.0.0
18 silly saveTree │ │ └── quick-lru@5.1.1
18 silly saveTree │ ├── terser-webpack-plugin@5.3.6
18 silly saveTree │ ├─┬ webpack-dev-server@4.11.1
18 silly saveTree │ │ ├── @types/bonjour@3.5.10
18 silly saveTree │ │ ├─┬ @types/connect-history-api-fallback@1.3.5
18 silly saveTree │ │ │ └─┬ @types/express-serve-static-core@4.17.31
18 silly saveTree │ │ │   ├── @types/qs@6.9.7
18 silly saveTree │ │ │   └── @types/range-parser@1.2.4
18 silly saveTree │ │ ├─┬ @types/express@4.17.14
18 silly saveTree │ │ │ ├─┬ @types/body-parser@1.19.2
18 silly saveTree │ │ │ │ └── @types/connect@3.4.35
18 silly saveTree │ │ │ └─┬ @types/serve-static@1.15.0
18 silly saveTree │ │ │   └── @types/mime@3.0.1
18 silly saveTree │ │ ├── @types/serve-index@1.9.1
18 silly saveTree │ │ ├── @types/serve-static@1.15.0
18 silly saveTree │ │ ├── @types/sockjs@0.3.33
18 silly saveTree │ │ ├── @types/ws@8.5.3
18 silly saveTree │ │ ├─┬ bonjour-service@1.0.14
18 silly saveTree │ │ │ ├── array-flatten@2.1.2
18 silly saveTree │ │ │ ├── dns-equal@1.0.0
18 silly saveTree │ │ │ └─┬ multicast-dns@7.2.5
18 silly saveTree │ │ │   ├─┬ dns-packet@5.4.0
18 silly saveTree │ │ │   │ └── @leichtgewicht/ip-codec@2.0.4
18 silly saveTree │ │ │   └── thunky@1.1.0
18 silly saveTree │ │ ├── colorette@2.0.19
18 silly saveTree │ │ ├─┬ compression@1.7.4
18 silly saveTree │ │ │ ├─┬ accepts@1.3.8
18 silly saveTree │ │ │ │ └── negotiator@0.6.3
18 silly saveTree │ │ │ ├── bytes@3.0.0
18 silly saveTree │ │ │ ├── compressible@2.0.18
18 silly saveTree │ │ │ ├─┬ debug@2.6.9
18 silly saveTree │ │ │ │ └── ms@2.0.0
18 silly saveTree │ │ │ ├── on-headers@1.0.2
18 silly saveTree │ │ │ ├── safe-buffer@5.1.2
18 silly saveTree │ │ │ └── vary@1.1.2
18 silly saveTree │ │ ├── connect-history-api-fallback@2.0.0
18 silly saveTree │ │ ├── default-gateway@6.0.3
18 silly saveTree │ │ ├─┬ express@4.18.2
18 silly saveTree │ │ │ ├── array-flatten@1.1.1
18 silly saveTree │ │ │ ├─┬ body-parser@1.20.1
18 silly saveTree │ │ │ │ ├── bytes@3.1.2
18 silly saveTree │ │ │ │ ├── content-type@1.0.4
18 silly saveTree │ │ │ │ ├─┬ debug@2.6.9
18 silly saveTree │ │ │ │ │ └── ms@2.0.0
18 silly saveTree │ │ │ │ ├── depd@2.0.0
18 silly saveTree │ │ │ │ ├── destroy@1.2.0
18 silly saveTree │ │ │ │ ├─┬ http-errors@2.0.0
18 silly saveTree │ │ │ │ │ ├── setprototypeof@1.2.0
18 silly saveTree │ │ │ │ │ ├── statuses@2.0.1
18 silly saveTree │ │ │ │ │ └── toidentifier@1.0.1
18 silly saveTree │ │ │ │ ├─┬ on-finished@2.4.1
18 silly saveTree │ │ │ │ │ └── ee-first@1.1.1
18 silly saveTree │ │ │ │ ├── qs@6.11.0
18 silly saveTree │ │ │ │ ├─┬ raw-body@2.5.1
18 silly saveTree │ │ │ │ │ ├── bytes@3.1.2
18 silly saveTree │ │ │ │ │ └── unpipe@1.0.0
18 silly saveTree │ │ │ │ ├─┬ type-is@1.6.18
18 silly saveTree │ │ │ │ │ └── media-typer@0.3.0
18 silly saveTree │ │ │ │ └── unpipe@1.0.0
18 silly saveTree │ │ │ ├── content-disposition@0.5.4
18 silly saveTree │ │ │ ├── content-type@1.0.4
18 silly saveTree │ │ │ ├── cookie-signature@1.0.6
18 silly saveTree │ │ │ ├── cookie@0.5.0
18 silly saveTree │ │ │ ├─┬ debug@2.6.9
18 silly saveTree │ │ │ │ └── ms@2.0.0
18 silly saveTree │ │ │ ├── depd@2.0.0
18 silly saveTree │ │ │ ├── encodeurl@1.0.2
18 silly saveTree │ │ │ ├── escape-html@1.0.3
18 silly saveTree │ │ │ ├── etag@1.8.1
18 silly saveTree │ │ │ ├─┬ finalhandler@1.2.0
18 silly saveTree │ │ │ │ ├─┬ debug@2.6.9
18 silly saveTree │ │ │ │ │ └── ms@2.0.0
18 silly saveTree │ │ │ │ └── parseurl@1.3.3
18 silly saveTree │ │ │ ├── fresh@0.5.2
18 silly saveTree │ │ │ ├── http-errors@2.0.0
18 silly saveTree │ │ │ ├── merge-descriptors@1.0.1
18 silly saveTree │ │ │ ├── methods@1.1.2
18 silly saveTree │ │ │ ├── on-finished@2.4.1
18 silly saveTree │ │ │ ├── parseurl@1.3.3
18 silly saveTree │ │ │ ├── path-to-regexp@0.1.7
18 silly saveTree │ │ │ ├─┬ proxy-addr@2.0.7
18 silly saveTree │ │ │ │ ├── forwarded@0.2.0
18 silly saveTree │ │ │ │ └── ipaddr.js@1.9.1
18 silly saveTree │ │ │ ├── qs@6.11.0
18 silly saveTree │ │ │ ├── range-parser@1.2.1
18 silly saveTree │ │ │ ├─┬ send@0.18.0
18 silly saveTree │ │ │ │ ├─┬ debug@2.6.9
18 silly saveTree │ │ │ │ │ └── ms@2.0.0
18 silly saveTree │ │ │ │ ├── mime@1.6.0
18 silly saveTree │ │ │ │ └── ms@2.1.3
18 silly saveTree │ │ │ ├── serve-static@1.15.0
18 silly saveTree │ │ │ ├── setprototypeof@1.2.0
18 silly saveTree │ │ │ ├── statuses@2.0.1
18 silly saveTree │ │ │ ├── type-is@1.6.18
18 silly saveTree │ │ │ └── utils-merge@1.0.1
18 silly saveTree │ │ ├─┬ http-proxy-middleware@2.0.6
18 silly saveTree │ │ │ ├── @types/http-proxy@1.17.9
18 silly saveTree │ │ │ ├─┬ http-proxy@1.18.1
18 silly saveTree │ │ │ │ ├── eventemitter3@4.0.7
18 silly saveTree │ │ │ │ └── follow-redirects@1.15.2
18 silly saveTree │ │ │ └── is-plain-obj@3.0.0
18 silly saveTree │ │ ├── ipaddr.js@2.0.1
18 silly saveTree │ │ ├─┬ p-retry@4.6.2
18 silly saveTree │ │ │ ├── @types/retry@0.12.0
18 silly saveTree │ │ │ └── retry@0.13.1
18 silly saveTree │ │ ├─┬ schema-utils@4.0.0
18 silly saveTree │ │ │ ├── ajv-keywords@5.1.0
18 silly saveTree │ │ │ └─┬ ajv@8.11.2
18 silly saveTree │ │ │   └── json-schema-traverse@1.0.0
18 silly saveTree │ │ ├─┬ selfsigned@2.1.1
18 silly saveTree │ │ │ └── node-forge@1.3.1
18 silly saveTree │ │ ├─┬ serve-index@1.9.1
18 silly saveTree │ │ │ ├── batch@0.6.1
18 silly saveTree │ │ │ ├─┬ debug@2.6.9
18 silly saveTree │ │ │ │ └── ms@2.0.0
18 silly saveTree │ │ │ └─┬ http-errors@1.6.3
18 silly saveTree │ │ │   ├── depd@1.1.2
18 silly saveTree │ │ │   ├── inherits@2.0.3
18 silly saveTree │ │ │   ├── setprototypeof@1.1.0
18 silly saveTree │ │ │   └── statuses@1.5.0
18 silly saveTree │ │ ├─┬ sockjs@0.3.24
18 silly saveTree │ │ │ ├─┬ faye-websocket@0.11.4
18 silly saveTree │ │ │ │ └─┬ websocket-driver@0.7.4
18 silly saveTree │ │ │ │   ├── http-parser-js@0.5.8
18 silly saveTree │ │ │ │   └── websocket-extensions@0.1.4
18 silly saveTree │ │ │ ├── uuid@8.3.2
18 silly saveTree │ │ │ └── websocket-driver@0.7.4
18 silly saveTree │ │ ├─┬ spdy@4.0.2
18 silly saveTree │ │ │ ├── handle-thing@2.0.1
18 silly saveTree │ │ │ ├── http-deceiver@1.2.7
18 silly saveTree │ │ │ ├── select-hose@2.0.0
18 silly saveTree │ │ │ └─┬ spdy-transport@3.0.0
18 silly saveTree │ │ │   ├── detect-node@2.1.0
18 silly saveTree │ │ │   ├─┬ hpack.js@2.1.6
18 silly saveTree │ │ │   │ ├── obuf@1.1.2
18 silly saveTree │ │ │   │ ├─┬ readable-stream@2.3.7
18 silly saveTree │ │ │   │ │ ├── core-util-is@1.0.3
18 silly saveTree │ │ │   │ │ ├── isarray@1.0.0
18 silly saveTree │ │ │   │ │ ├── process-nextick-args@2.0.1
18 silly saveTree │ │ │   │ │ ├── safe-buffer@5.1.2
18 silly saveTree │ │ │   │ │ └─┬ string_decoder@1.1.1
18 silly saveTree │ │ │   │ │   └── safe-buffer@5.1.2
18 silly saveTree │ │ │   │ └─┬ wbuf@1.7.3
18 silly saveTree │ │ │   │   └── minimalistic-assert@1.0.1
18 silly saveTree │ │ │   ├── obuf@1.1.2
18 silly saveTree │ │ │   ├── readable-stream@3.6.0
18 silly saveTree │ │ │   └── wbuf@1.7.3
18 silly saveTree │ │ ├─┬ webpack-dev-middleware@5.3.3
18 silly saveTree │ │ │ └─┬ schema-utils@4.0.0
18 silly saveTree │ │ │   ├── ajv-keywords@5.1.0
18 silly saveTree │ │ │   └─┬ ajv@8.11.2
18 silly saveTree │ │ │     └── json-schema-traverse@1.0.0
18 silly saveTree │ │ └── ws@8.11.0
18 silly saveTree │ ├─┬ webpack-manifest-plugin@4.1.1
18 silly saveTree │ │ └─┬ webpack-sources@2.3.1
18 silly saveTree │ │   ├── source-list-map@2.0.1
18 silly saveTree │ │   └── source-map@0.6.1
18 silly saveTree │ ├─┬ webpack@5.75.0
18 silly saveTree │ │ ├── @types/eslint-scope@3.7.4
18 silly saveTree │ │ ├── @types/estree@0.0.51
18 silly saveTree │ │ ├─┬ @webassemblyjs/ast@1.11.1
18 silly saveTree │ │ │ ├─┬ @webassemblyjs/helper-numbers@1.11.1
18 silly saveTree │ │ │ │ ├── @webassemblyjs/floating-point-hex-parser@1.11.1
18 silly saveTree │ │ │ │ ├── @webassemblyjs/helper-api-error@1.11.1
18 silly saveTree │ │ │ │ └── @xtuc/long@4.2.2
18 silly saveTree │ │ │ └── @webassemblyjs/helper-wasm-bytecode@1.11.1
18 silly saveTree │ │ ├─┬ @webassemblyjs/wasm-edit@1.11.1
18 silly saveTree │ │ │ ├── @webassemblyjs/helper-buffer@1.11.1
18 silly saveTree │ │ │ ├─┬ @webassemblyjs/helper-wasm-section@1.11.1
18 silly saveTree │ │ │ │ └─┬ @webassemblyjs/wasm-gen@1.11.1
18 silly saveTree │ │ │ │   ├─┬ @webassemblyjs/ieee754@1.11.1
18 silly saveTree │ │ │ │   │ └── @xtuc/ieee754@1.2.0
18 silly saveTree │ │ │ │   ├── @webassemblyjs/leb128@1.11.1
18 silly saveTree │ │ │ │   └── @webassemblyjs/utf8@1.11.1
18 silly saveTree │ │ │ ├── @webassemblyjs/wasm-gen@1.11.1
18 silly saveTree │ │ │ ├─┬ @webassemblyjs/wasm-opt@1.11.1
18 silly saveTree │ │ │ │ └── @webassemblyjs/wasm-parser@1.11.1
18 silly saveTree │ │ │ ├── @webassemblyjs/wasm-parser@1.11.1
18 silly saveTree │ │ │ └── @webassemblyjs/wast-printer@1.11.1
18 silly saveTree │ │ ├── @webassemblyjs/wasm-parser@1.11.1
18 silly saveTree │ │ ├── acorn-import-assertions@1.8.0
18 silly saveTree │ │ ├── chrome-trace-event@1.0.3
18 silly saveTree │ │ ├── enhanced-resolve@5.10.0
18 silly saveTree │ │ ├── es-module-lexer@0.9.3
18 silly saveTree │ │ ├─┬ eslint-scope@5.1.1
18 silly saveTree │ │ │ └── estraverse@4.3.0
18 silly saveTree │ │ ├── events@3.3.0
18 silly saveTree │ │ ├── glob-to-regexp@0.4.1
18 silly saveTree │ │ ├── loader-runner@4.3.0
18 silly saveTree │ │ ├── watchpack@2.4.0
18 silly saveTree │ │ └── webpack-sources@3.2.3
18 silly saveTree │ └─┬ workbox-webpack-plugin@6.5.4
18 silly saveTree │   ├── pretty-bytes@5.6.0
18 silly saveTree │   ├── upath@1.2.0
18 silly saveTree │   ├─┬ webpack-sources@1.4.3
18 silly saveTree │   │ └── source-map@0.6.1
18 silly saveTree │   └─┬ workbox-build@6.5.4
18 silly saveTree │     ├─┬ @apideck/better-ajv-errors@0.3.6
18 silly saveTree │     │ ├── json-schema@0.4.0
18 silly saveTree │     │ └── jsonpointer@5.0.1
18 silly saveTree │     ├─┬ @rollup/plugin-babel@5.3.1
18 silly saveTree │     │ └─┬ @rollup/pluginutils@3.1.0
18 silly saveTree │     │   ├── @types/estree@0.0.39
18 silly saveTree │     │   └── estree-walker@1.0.1
18 silly saveTree │     ├─┬ @rollup/plugin-node-resolve@11.2.1
18 silly saveTree │     │ ├── @types/resolve@1.17.1
18 silly saveTree │     │ ├── builtin-modules@3.3.0
18 silly saveTree │     │ └── is-module@1.0.0
18 silly saveTree │     ├─┬ @rollup/plugin-replace@2.4.2
18 silly saveTree │     │ └─┬ magic-string@0.25.9
18 silly saveTree │     │   └── sourcemap-codec@1.4.8
18 silly saveTree │     ├─┬ @surma/rollup-plugin-off-main-thread@2.2.3
18 silly saveTree │     │ └─┬ ejs@3.1.8
18 silly saveTree │     │   └─┬ jake@10.8.5
18 silly saveTree │     │     ├── async@3.2.4
18 silly saveTree │     │     ├─┬ chalk@4.1.2
18 silly saveTree │     │     │ ├─┬ ansi-styles@4.3.0
18 silly saveTree │     │     │ │ └─┬ color-convert@2.0.1
18 silly saveTree │     │     │ │   └── color-name@1.1.4
18 silly saveTree │     │     │ └─┬ supports-color@7.2.0
18 silly saveTree │     │     │   └── has-flag@4.0.0
18 silly saveTree │     │     └─┬ filelist@1.0.4
18 silly saveTree │     │       └─┬ minimatch@5.1.0
18 silly saveTree │     │         └── brace-expansion@2.0.1
18 silly saveTree │     ├─┬ ajv@8.11.2
18 silly saveTree │     │ └── json-schema-traverse@1.0.0
18 silly saveTree │     ├── common-tags@1.8.2
18 silly saveTree │     ├── fs-extra@9.1.0
18 silly saveTree │     ├─┬ rollup-plugin-terser@7.0.2
18 silly saveTree │     │ ├─┬ jest-worker@26.6.2
18 silly saveTree │     │ │ └─┬ supports-color@7.2.0
18 silly saveTree │     │ │   └── has-flag@4.0.0
18 silly saveTree │     │ └── serialize-javascript@4.0.0
18 silly saveTree │     ├── rollup@2.79.1
18 silly saveTree │     ├─┬ source-map@0.8.0-beta.0
18 silly saveTree │     │ └─┬ whatwg-url@7.1.0
18 silly saveTree │     │   ├── lodash.sortby@4.7.0
18 silly saveTree │     │   ├── tr46@1.0.1
18 silly saveTree │     │   └── webidl-conversions@4.0.2
18 silly saveTree │     ├─┬ stringify-object@3.3.0
18 silly saveTree │     │ ├── get-own-enumerable-property-symbols@3.0.2
18 silly saveTree │     │ ├── is-obj@1.0.1
18 silly saveTree │     │ └── is-regexp@1.0.0
18 silly saveTree │     ├── strip-comments@2.0.1
18 silly saveTree │     ├─┬ tempy@0.6.0
18 silly saveTree │     │ ├── temp-dir@2.0.0
18 silly saveTree │     │ ├── type-fest@0.16.0
18 silly saveTree │     │ └─┬ unique-string@2.0.0
18 silly saveTree │     │   └── crypto-random-string@2.0.0
18 silly saveTree │     ├─┬ workbox-background-sync@6.5.4
18 silly saveTree │     │ ├── idb@7.1.1
18 silly saveTree │     │ └── workbox-core@6.5.4
18 silly saveTree │     ├── workbox-broadcast-update@6.5.4
18 silly saveTree │     ├── workbox-cacheable-response@6.5.4
18 silly saveTree │     ├── workbox-core@6.5.4
18 silly saveTree │     ├── workbox-expiration@6.5.4
18 silly saveTree │     ├─┬ workbox-google-analytics@6.5.4
18 silly saveTree │     │ ├── workbox-routing@6.5.4
18 silly saveTree │     │ └── workbox-strategies@6.5.4
18 silly saveTree │     ├── workbox-navigation-preload@6.5.4
18 silly saveTree │     ├── workbox-precaching@6.5.4
18 silly saveTree │     ├── workbox-range-requests@6.5.4
18 silly saveTree │     ├── workbox-recipes@6.5.4
18 silly saveTree │     ├── workbox-routing@6.5.4
18 silly saveTree │     ├── workbox-strategies@6.5.4
18 silly saveTree │     ├── workbox-streams@6.5.4
18 silly saveTree │     ├── workbox-sw@6.5.4
18 silly saveTree │     └─┬ workbox-window@6.5.4
18 silly saveTree │       └── @types/trusted-types@2.0.2
18 silly saveTree ├── react@18.2.0
18 silly saveTree └── web-vitals@2.1.4
19 verbose stack Error: Refusing to install package with name "react-intl" under a package
19 verbose stack also called "react-intl". Did you name your project the same
19 verbose stack as the dependency you're installing?
19 verbose stack
19 verbose stack For more information, see:
19 verbose stack     <https://docs.npmjs.com/cli/install#limitations-of-npms-install-algorithm>
19 verbose stack     at checkSelf (/usr/local/lib/node_modules/npm/lib/install/validate-args.js:75:14)
19 verbose stack     at Array.<anonymous> (/usr/local/lib/node_modules/npm/node_modules/slide/lib/bind-actor.js:15:8)
19 verbose stack     at LOOP (/usr/local/lib/node_modules/npm/node_modules/slide/lib/chain.js:15:14)
19 verbose stack     at /usr/local/lib/node_modules/npm/node_modules/slide/lib/chain.js:18:7
19 verbose stack     at hasMinimumFields (/usr/local/lib/node_modules/npm/lib/install/validate-args.js:30:12)
19 verbose stack     at Array.<anonymous> (/usr/local/lib/node_modules/npm/node_modules/slide/lib/bind-actor.js:15:8)
19 verbose stack     at LOOP (/usr/local/lib/node_modules/npm/node_modules/slide/lib/chain.js:15:14)
19 verbose stack     at chain (/usr/local/lib/node_modules/npm/node_modules/slide/lib/chain.js:20:5)
19 verbose stack     at /usr/local/lib/node_modules/npm/lib/install/validate-args.js:16:5
19 verbose stack     at /usr/local/lib/node_modules/npm/node_modules/slide/lib/async-map.js:52:35
19 verbose stack     at Array.forEach (<anonymous>)
19 verbose stack     at /usr/local/lib/node_modules/npm/node_modules/slide/lib/async-map.js:52:11
19 verbose stack     at Array.forEach (<anonymous>)
19 verbose stack     at asyncMap (/usr/local/lib/node_modules/npm/node_modules/slide/lib/async-map.js:51:8)
19 verbose stack     at module.exports (/usr/local/lib/node_modules/npm/lib/install/validate-args.js:15:3)
19 verbose stack     at Array.<anonymous> (/usr/local/lib/node_modules/npm/node_modules/slide/lib/bind-actor.js:15:8)
20 verbose cwd /Users/heweihan/Documents/test/react-intl
21 verbose Darwin 21.3.0
22 verbose argv "/usr/local/bin/node" "/usr/local/bin/npm" "install" "react-intl" "-d"
23 verbose node v14.17.0
24 verbose npm  v6.14.13
25 error code ENOSELF
26 error Refusing to install package with name "react-intl" under a package
26 error also called "react-intl". Did you name your project the same
26 error as the dependency you're installing?
26 error
26 error For more information, see:
26 error     <https://docs.npmjs.com/cli/install#limitations-of-npms-install-algorithm>
27 verbose exit [ 1, true ]
