0 info it worked if it ends with ok
1 verbose cli [
1 verbose cli   '/Users/heweihan/.nvm/versions/node/v14.17.0/bin/node',
1 verbose cli   '/Users/heweihan/.nvm/versions/node/v14.17.0/bin/npm',
1 verbose cli   'run',
1 verbose cli   'dev'
1 verbose cli ]
2 info using npm@6.14.13
3 info using node@v14.17.0
4 verbose run-script [ 'predev', 'dev', 'postdev' ]
5 info lifecycle multikart-next@1.0.0~predev: multikart-next@1.0.0
6 info lifecycle multikart-next@1.0.0~dev: multikart-next@1.0.0
7 verbose lifecycle multikart-next@1.0.0~dev: unsafe-perm in lifecycle true
8 verbose lifecycle multikart-next@1.0.0~dev: PATH: /Users/heweihan/.nvm/versions/node/v14.17.0/lib/node_modules/npm/node_modules/npm-lifecycle/node-gyp-bin:/Users/heweihan/Documents/shopping-website/frontend/node_modules/.bin:/Users/heweihan/.nvm/versions/node/v14.17.0/bin:/usr/local/bin:/usr/bin:/bin:/usr/sbin:/sbin:/Library/Apple/usr/bin:/Users/heweihan/.nvm/versions/node/v14.17.0/bin
9 verbose lifecycle multikart-next@1.0.0~dev: CWD: /Users/heweihan/Documents/shopping-website/frontend
10 silly lifecycle multikart-next@1.0.0~dev: Args: [ '-c', 'next' ]
11 info lifecycle multikart-next@1.0.0~dev: Failed to exec dev script
12 verbose stack Error: multikart-next@1.0.0 dev: `next`
12 verbose stack spawn ENOENT
12 verbose stack     at ChildProcess.<anonymous> (/Users/heweihan/.nvm/versions/node/v14.17.0/lib/node_modules/npm/node_modules/npm-lifecycle/lib/spawn.js:48:18)
12 verbose stack     at ChildProcess.emit (events.js:376:20)
12 verbose stack     at maybeClose (internal/child_process.js:1055:16)
12 verbose stack     at Process.ChildProcess._handle.onexit (internal/child_process.js:288:5)
13 verbose pkgid multikart-next@1.0.0
14 verbose cwd /Users/heweihan/Documents/shopping-website/frontend
15 verbose Darwin 21.3.0
16 verbose argv "/Users/heweihan/.nvm/versions/node/v14.17.0/bin/node" "/Users/heweihan/.nvm/versions/node/v14.17.0/bin/npm" "run" "dev"
17 verbose node v14.17.0
18 verbose npm  v6.14.13
19 error code ELIFECYCLE
20 error syscall spawn
21 error file sh
22 error errno ENOENT
23 error multikart-next@1.0.0 dev: `next`
23 error spawn ENOENT
24 error Failed at the multikart-next@1.0.0 dev script.
24 error This is probably not a problem with npm. There is likely additional logging output above.
25 verbose exit [ 1, true ]
